[2026-05-16 04:21:26] local.ERROR: __VSCODE_LARAVEL_STARTUP_ERROR__: Class "Modules\LaporanUlasan\Providers\LaporanUlasanServiceProvider" not found {"exception":"[object] (Error(code: 0): __VSCODE_LARAVEL_STARTUP_ERROR__: Class \"Modules\\LaporanUlasan\\Providers\\LaporanUlasanServiceProvider\" not found at D:/pwebif/dona-cake-web/vendor/_laravel_ide/discover-80bc781b69500326630e3fef7a4fdfeb.php:33)
[stacktrace]
#0 D:/pwebif/dona-cake-web/vendor/_laravel_ide/discover-80bc781b69500326630e3fef7a4fdfeb.php(62): LaravelVsCode::startupError(Object(Error))
#1 {main}
"} 
[2026-05-16 04:21:26] local.ERROR: __VSCODE_LARAVEL_STARTUP_ERROR__: Class "Modules\LaporanUlasan\Providers\LaporanUlasanServiceProvider" not found {"exception":"[object] (Error(code: 0): __VSCODE_LARAVEL_STARTUP_ERROR__: Class \"Modules\\LaporanUlasan\\Providers\\LaporanUlasanServiceProvider\" not found at D:/pwebif/dona-cake-web/vendor/_laravel_ide/discover-43419e1773d5590e98dcbfc1b7903297.php:33)
[stacktrace]
#0 D:/pwebif/dona-cake-web/vendor/_laravel_ide/discover-43419e1773d5590e98dcbfc1b7903297.php(62): LaravelVsCode::startupError(Object(Error))
#1 {main}
"} 
[2026-05-16 04:21:26] local.ERROR: __VSCODE_LARAVEL_STARTUP_ERROR__: Class "Modules\LaporanUlasan\Providers\LaporanUlasanServiceProvider" not found {"exception":"[object] (Error(code: 0): __VSCODE_LARAVEL_STARTUP_ERROR__: Class \"Modules\\LaporanUlasan\\Providers\\LaporanUlasanServiceProvider\" not found at D:/pwebif/dona-cake-web/vendor/_laravel_ide/discover-6d96201ad95cad12367117063c707ebf.php:33)
[stacktrace]
#0 D:/pwebif/dona-cake-web/vendor/_laravel_ide/discover-6d96201ad95cad12367117063c707ebf.php(62): LaravelVsCode::startupError(Object(Error))
#1 {main}
"} 
[2026-05-16 04:21:26] local.ERROR: __VSCODE_LARAVEL_STARTUP_ERROR__: Class "Modules\LaporanUlasan\Providers\LaporanUlasanServiceProvider" not found {"exception":"[object] (Error(code: 0): __VSCODE_LARAVEL_STARTUP_ERROR__: Class \"Modules\\LaporanUlasan\\Providers\\LaporanUlasanServiceProvider\" not found at D:/pwebif/dona-cake-web/vendor/_laravel_ide/discover-5802e590a92e23606bb54d2909564178.php:33)
[stacktrace]
#0 D:/pwebif/dona-cake-web/vendor/_laravel_ide/discover-5802e590a92e23606bb54d2909564178.php(62): LaravelVsCode::startupError(Object(Error))
#1 {main}
"} 
[2026-05-16 04:21:26] local.ERROR: __VSCODE_LARAVEL_STARTUP_ERROR__: Class "Modules\LaporanUlasan\Providers\LaporanUlasanServiceProvider" not found {"exception":"[object] (Error(code: 0): __VSCODE_LARAVEL_STARTUP_ERROR__: Class \"Modules\\LaporanUlasan\\Providers\\LaporanUlasanServiceProvider\" not found at D:/pwebif/dona-cake-web/vendor/_laravel_ide/discover-ec2e9975ebf5755f76a162b3dce99361.php:33)
[stacktrace]
#0 D:/pwebif/dona-cake-web/vendor/_laravel_ide/discover-ec2e9975ebf5755f76a162b3dce99361.php(62): LaravelVsCode::startupError(Object(Error))
#1 {main}
"} 
[2026-05-16 04:21:26] local.ERROR: __VSCODE_LARAVEL_STARTUP_ERROR__: Class "Modules\LaporanUlasan\Providers\LaporanUlasanServiceProvider" not found {"exception":"[object] (Error(code: 0): __VSCODE_LARAVEL_STARTUP_ERROR__: Class \"Modules\\LaporanUlasan\\Providers\\LaporanUlasanServiceProvider\" not found at D:/pwebif/dona-cake-web/vendor/_laravel_ide/discover-5c3cbe5e47b16e6c5fd1967f09c399da.php:33)
[stacktrace]
#0 D:/pwebif/dona-cake-web/vendor/_laravel_ide/discover-5c3cbe5e47b16e6c5fd1967f09c399da.php(62): LaravelVsCode::startupError(Object(Error))
#1 {main}
"} 
[2026-05-16 04:21:26] local.ERROR: __VSCODE_LARAVEL_STARTUP_ERROR__: Class "Modules\LaporanUlasan\Providers\LaporanUlasanServiceProvider" not found {"exception":"[object] (Error(code: 0): __VSCODE_LARAVEL_STARTUP_ERROR__: Class \"Modules\\LaporanUlasan\\Providers\\LaporanUlasanServiceProvider\" not found at D:/pwebif/dona-cake-web/vendor/_laravel_ide/discover-43419e1773d5590e98dcbfc1b7903297.php:33)
[stacktrace]
#0 D:/pwebif/dona-cake-web/vendor/_laravel_ide/discover-43419e1773d5590e98dcbfc1b7903297.php(62): LaravelVsCode::startupError(Object(Error))
#1 {main}
"} 
[2026-05-16 04:21:26] local.ERROR: __VSCODE_LARAVEL_STARTUP_ERROR__: Class "Modules\LaporanUlasan\Providers\LaporanUlasanServiceProvider" not found {"exception":"[object] (Error(code: 0): __VSCODE_LARAVEL_STARTUP_ERROR__: Class \"Modules\\LaporanUlasan\\Providers\\LaporanUlasanServiceProvider\" not found at D:/pwebif/dona-cake-web/vendor/_laravel_ide/discover-ec2e9975ebf5755f76a162b3dce99361.php:33)
[stacktrace]
#0 D:/pwebif/dona-cake-web/vendor/_laravel_ide/discover-ec2e9975ebf5755f76a162b3dce99361.php(62): LaravelVsCode::startupError(Object(Error))
#1 {main}
"} 
[2026-05-16 04:21:26] local.ERROR: __VSCODE_LARAVEL_STARTUP_ERROR__: Class "Modules\LaporanUlasan\Providers\LaporanUlasanServiceProvider" not found {"exception":"[object] (Error(code: 0): __VSCODE_LARAVEL_STARTUP_ERROR__: Class \"Modules\\LaporanUlasan\\Providers\\LaporanUlasanServiceProvider\" not found at D:/pwebif/dona-cake-web/vendor/_laravel_ide/discover-80bc781b69500326630e3fef7a4fdfeb.php:33)
[stacktrace]
#0 D:/pwebif/dona-cake-web/vendor/_laravel_ide/discover-80bc781b69500326630e3fef7a4fdfeb.php(62): LaravelVsCode::startupError(Object(Error))
#1 {main}
"} 
[2026-05-16 04:22:25] local.ERROR: __VSCODE_LARAVEL_STARTUP_ERROR__: rename(D:\pwebif\dona-cake-web\bootstrap\cache\serF73D.tmp,D:\pwebif\dona-cake-web\bootstrap\cache\services.php): Access is denied (code: 5) {"exception":"[object] (Error(code: 0): __VSCODE_LARAVEL_STARTUP_ERROR__: rename(D:\\pwebif\\dona-cake-web\\bootstrap\\cache\\serF73D.tmp,D:\\pwebif\\dona-cake-web\\bootstrap\\cache\\services.php): Access is denied (code: 5) at D:/pwebif/dona-cake-web/vendor/_laravel_ide/discover-6d96201ad95cad12367117063c707ebf.php:33)
[stacktrace]
#0 D:/pwebif/dona-cake-web/vendor/_laravel_ide/discover-6d96201ad95cad12367117063c707ebf.php(62): LaravelVsCode::startupError(Object(ErrorException))
#1 {main}
"} 
[2026-05-16 04:22:25] local.ERROR: __VSCODE_LARAVEL_STARTUP_ERROR__: rename(D:\pwebif\dona-cake-web\bootstrap\cache\serF740.tmp,D:\pwebif\dona-cake-web\bootstrap\cache\services.php): Access is denied (code: 5) {"exception":"[object] (Error(code: 0): __VSCODE_LARAVEL_STARTUP_ERROR__: rename(D:\\pwebif\\dona-cake-web\\bootstrap\\cache\\serF740.tmp,D:\\pwebif\\dona-cake-web\\bootstrap\\cache\\services.php): Access is denied (code: 5) at D:/pwebif/dona-cake-web/vendor/_laravel_ide/discover-43419e1773d5590e98dcbfc1b7903297.php:33)
[stacktrace]
#0 D:/pwebif/dona-cake-web/vendor/_laravel_ide/discover-43419e1773d5590e98dcbfc1b7903297.php(62): LaravelVsCode::startupError(Object(ErrorException))
#1 {main}
"} 
[2026-05-16 04:22:25] local.ERROR: __VSCODE_LARAVEL_STARTUP_ERROR__: Class "Modules\Auth\Providers\AuthServiceProvider" not found {"exception":"[object] (Error(code: 0): __VSCODE_LARAVEL_STARTUP_ERROR__: Class \"Modules\\Auth\\Providers\\AuthServiceProvider\" not found at D:/pwebif/dona-cake-web/vendor/_laravel_ide/discover-19804082b122017c46bdac205a3a1912.php:33)
[stacktrace]
#0 D:/pwebif/dona-cake-web/vendor/_laravel_ide/discover-19804082b122017c46bdac205a3a1912.php(62): LaravelVsCode::startupError(Object(Error))
#1 {main}
"} 
[2026-05-16 04:22:25] local.ERROR: __VSCODE_LARAVEL_STARTUP_ERROR__: Class "Modules\Auth\Providers\AuthServiceProvider" not found {"exception":"[object] (Error(code: 0): __VSCODE_LARAVEL_STARTUP_ERROR__: Class \"Modules\\Auth\\Providers\\AuthServiceProvider\" not found at D:/pwebif/dona-cake-web/vendor/_laravel_ide/discover-31b934f114eabc246b541addb8b458e3.php:33)
[stacktrace]
#0 D:/pwebif/dona-cake-web/vendor/_laravel_ide/discover-31b934f114eabc246b541addb8b458e3.php(62): LaravelVsCode::startupError(Object(Error))
#1 {main}
"} 
[2026-05-16 04:22:25] local.ERROR: __VSCODE_LARAVEL_STARTUP_ERROR__: Class "Modules\Auth\Providers\AuthServiceProvider" not found {"exception":"[object] (Error(code: 0): __VSCODE_LARAVEL_STARTUP_ERROR__: Class \"Modules\\Auth\\Providers\\AuthServiceProvider\" not found at D:/pwebif/dona-cake-web/vendor/_laravel_ide/discover-7563160ca998bde672640aa1e68dfd08.php:33)
[stacktrace]
#0 D:/pwebif/dona-cake-web/vendor/_laravel_ide/discover-7563160ca998bde672640aa1e68dfd08.php(62): LaravelVsCode::startupError(Object(Error))
#1 {main}
"} 
[2026-05-16 04:22:25] local.ERROR: __VSCODE_LARAVEL_STARTUP_ERROR__: Class "Modules\Auth\Providers\AuthServiceProvider" not found {"exception":"[object] (Error(code: 0): __VSCODE_LARAVEL_STARTUP_ERROR__: Class \"Modules\\Auth\\Providers\\AuthServiceProvider\" not found at D:/pwebif/dona-cake-web/vendor/_laravel_ide/discover-5c3cbe5e47b16e6c5fd1967f09c399da.php:33)
[stacktrace]
#0 D:/pwebif/dona-cake-web/vendor/_laravel_ide/discover-5c3cbe5e47b16e6c5fd1967f09c399da.php(62): LaravelVsCode::startupError(Object(Error))
#1 {main}
"} 
[2026-05-16 04:22:25] local.ERROR: __VSCODE_LARAVEL_STARTUP_ERROR__: Class "Modules\Auth\Providers\AuthServiceProvider" not found {"exception":"[object] (Error(code: 0): __VSCODE_LARAVEL_STARTUP_ERROR__: Class \"Modules\\Auth\\Providers\\AuthServiceProvider\" not found at D:/pwebif/dona-cake-web/vendor/_laravel_ide/discover-5802e590a92e23606bb54d2909564178.php:33)
[stacktrace]
#0 D:/pwebif/dona-cake-web/vendor/_laravel_ide/discover-5802e590a92e23606bb54d2909564178.php(62): LaravelVsCode::startupError(Object(Error))
#1 {main}
"} 
[2026-05-16 04:22:25] local.ERROR: __VSCODE_LARAVEL_STARTUP_ERROR__: Class "Modules\Auth\Providers\AuthServiceProvider" not found {"exception":"[object] (Error(code: 0): __VSCODE_LARAVEL_STARTUP_ERROR__: Class \"Modules\\Auth\\Providers\\AuthServiceProvider\" not found at D:/pwebif/dona-cake-web/vendor/_laravel_ide/discover-ec2e9975ebf5755f76a162b3dce99361.php:33)
[stacktrace]
#0 D:/pwebif/dona-cake-web/vendor/_laravel_ide/discover-ec2e9975ebf5755f76a162b3dce99361.php(62): LaravelVsCode::startupError(Object(Error))
#1 {main}
"} 
[2026-05-16 04:22:25] local.ERROR: __VSCODE_LARAVEL_STARTUP_ERROR__: Class "Modules\Auth\Providers\AuthServiceProvider" not found {"exception":"[object] (Error(code: 0): __VSCODE_LARAVEL_STARTUP_ERROR__: Class \"Modules\\Auth\\Providers\\AuthServiceProvider\" not found at D:/pwebif/dona-cake-web/vendor/_laravel_ide/discover-80bc781b69500326630e3fef7a4fdfeb.php:33)
[stacktrace]
#0 D:/pwebif/dona-cake-web/vendor/_laravel_ide/discover-80bc781b69500326630e3fef7a4fdfeb.php(62): LaravelVsCode::startupError(Object(Error))
#1 {main}
"} 
[2026-05-16 04:22:26] local.ERROR: __VSCODE_LARAVEL_STARTUP_ERROR__: Class "Modules\Auth\Providers\AuthServiceProvider" not found {"exception":"[object] (Error(code: 0): __VSCODE_LARAVEL_STARTUP_ERROR__: Class \"Modules\\Auth\\Providers\\AuthServiceProvider\" not found at D:/pwebif/dona-cake-web/vendor/_laravel_ide/discover-5c3cbe5e47b16e6c5fd1967f09c399da.php:33)
[stacktrace]
#0 D:/pwebif/dona-cake-web/vendor/_laravel_ide/discover-5c3cbe5e47b16e6c5fd1967f09c399da.php(62): LaravelVsCode::startupError(Object(Error))
#1 {main}
"} 
[2026-05-16 04:22:26] local.ERROR: __VSCODE_LARAVEL_STARTUP_ERROR__: Class "Modules\Auth\Providers\AuthServiceProvider" not found {"exception":"[object] (Error(code: 0): __VSCODE_LARAVEL_STARTUP_ERROR__: Class \"Modules\\Auth\\Providers\\AuthServiceProvider\" not found at D:/pwebif/dona-cake-web/vendor/_laravel_ide/discover-ec2e9975ebf5755f76a162b3dce99361.php:33)
[stacktrace]
#0 D:/pwebif/dona-cake-web/vendor/_laravel_ide/discover-ec2e9975ebf5755f76a162b3dce99361.php(62): LaravelVsCode::startupError(Object(Error))
#1 {main}
"} 
[2026-05-16 04:22:26] local.ERROR: __VSCODE_LARAVEL_STARTUP_ERROR__: Class "Modules\Auth\Providers\AuthServiceProvider" not found {"exception":"[object] (Error(code: 0): __VSCODE_LARAVEL_STARTUP_ERROR__: Class \"Modules\\Auth\\Providers\\AuthServiceProvider\" not found at D:/pwebif/dona-cake-web/vendor/_laravel_ide/discover-43419e1773d5590e98dcbfc1b7903297.php:33)
[stacktrace]
#0 D:/pwebif/dona-cake-web/vendor/_laravel_ide/discover-43419e1773d5590e98dcbfc1b7903297.php(62): LaravelVsCode::startupError(Object(Error))
#1 {main}
"} 
[2026-05-16 04:22:26] local.ERROR: __VSCODE_LARAVEL_STARTUP_ERROR__: Class "Modules\Auth\Providers\AuthServiceProvider" not found {"exception":"[object] (Error(code: 0): __VSCODE_LARAVEL_STARTUP_ERROR__: Class \"Modules\\Auth\\Providers\\AuthServiceProvider\" not found at D:/pwebif/dona-cake-web/vendor/_laravel_ide/discover-80bc781b69500326630e3fef7a4fdfeb.php:33)
[stacktrace]
#0 D:/pwebif/dona-cake-web/vendor/_laravel_ide/discover-80bc781b69500326630e3fef7a4fdfeb.php(62): LaravelVsCode::startupError(Object(Error))
#1 {main}
"} 
[2026-05-16 04:24:05] local.ERROR: __VSCODE_LARAVEL_STARTUP_ERROR__: Class "Modules\Auth\Providers\AuthServiceProvider" not found {"exception":"[object] (Error(code: 0): __VSCODE_LARAVEL_STARTUP_ERROR__: Class \"Modules\\Auth\\Providers\\AuthServiceProvider\" not found at D:/pwebif/dona-cake-web/vendor/_laravel_ide/discover-31b934f114eabc246b541addb8b458e3.php:33)
[stacktrace]
#0 D:/pwebif/dona-cake-web/vendor/_laravel_ide/discover-31b934f114eabc246b541addb8b458e3.php(62): LaravelVsCode::startupError(Object(Error))
#1 {main}
"} 
[2026-05-16 04:24:05] local.ERROR: __VSCODE_LARAVEL_STARTUP_ERROR__: Class "Modules\Auth\Providers\AuthServiceProvider" not found {"exception":"[object] (Error(code: 0): __VSCODE_LARAVEL_STARTUP_ERROR__: Class \"Modules\\Auth\\Providers\\AuthServiceProvider\" not found at D:/pwebif/dona-cake-web/vendor/_laravel_ide/discover-7563160ca998bde672640aa1e68dfd08.php:33)
[stacktrace]
#0 D:/pwebif/dona-cake-web/vendor/_laravel_ide/discover-7563160ca998bde672640aa1e68dfd08.php(62): LaravelVsCode::startupError(Object(Error))
#1 {main}
"} 
[2026-05-16 04:24:05] local.ERROR: __VSCODE_LARAVEL_STARTUP_ERROR__: Class "Modules\Auth\Providers\AuthServiceProvider" not found {"exception":"[object] (Error(code: 0): __VSCODE_LARAVEL_STARTUP_ERROR__: Class \"Modules\\Auth\\Providers\\AuthServiceProvider\" not found at D:/pwebif/dona-cake-web/vendor/_laravel_ide/discover-ec2e9975ebf5755f76a162b3dce99361.php:33)
[stacktrace]
#0 D:/pwebif/dona-cake-web/vendor/_laravel_ide/discover-ec2e9975ebf5755f76a162b3dce99361.php(62): LaravelVsCode::startupError(Object(Error))
#1 {main}
"} 
[2026-05-16 04:24:05] local.ERROR: __VSCODE_LARAVEL_STARTUP_ERROR__: Class "Modules\Auth\Providers\AuthServiceProvider" not found {"exception":"[object] (Error(code: 0): __VSCODE_LARAVEL_STARTUP_ERROR__: Class \"Modules\\Auth\\Providers\\AuthServiceProvider\" not found at D:/pwebif/dona-cake-web/vendor/_laravel_ide/discover-43419e1773d5590e98dcbfc1b7903297.php:33)
[stacktrace]
#0 D:/pwebif/dona-cake-web/vendor/_laravel_ide/discover-43419e1773d5590e98dcbfc1b7903297.php(62): LaravelVsCode::startupError(Object(Error))
#1 {main}
"} 
[2026-05-16 04:24:05] local.ERROR: __VSCODE_LARAVEL_STARTUP_ERROR__: Class "Modules\Auth\Providers\AuthServiceProvider" not found {"exception":"[object] (Error(code: 0): __VSCODE_LARAVEL_STARTUP_ERROR__: Class \"Modules\\Auth\\Providers\\AuthServiceProvider\" not found at D:/pwebif/dona-cake-web/vendor/_laravel_ide/discover-80bc781b69500326630e3fef7a4fdfeb.php:33)
[stacktrace]
#0 D:/pwebif/dona-cake-web/vendor/_laravel_ide/discover-80bc781b69500326630e3fef7a4fdfeb.php(62): LaravelVsCode::startupError(Object(Error))
#1 {main}
"} 
[2026-05-16 04:24:05] local.ERROR: __VSCODE_LARAVEL_STARTUP_ERROR__: Class "Modules\Auth\Providers\AuthServiceProvider" not found {"exception":"[object] (Error(code: 0): __VSCODE_LARAVEL_STARTUP_ERROR__: Class \"Modules\\Auth\\Providers\\AuthServiceProvider\" not found at D:/pwebif/dona-cake-web/vendor/_laravel_ide/discover-5c3cbe5e47b16e6c5fd1967f09c399da.php:33)
[stacktrace]
#0 D:/pwebif/dona-cake-web/vendor/_laravel_ide/discover-5c3cbe5e47b16e6c5fd1967f09c399da.php(62): LaravelVsCode::startupError(Object(Error))
#1 {main}
"} 
[2026-05-16 04:24:05] local.ERROR: __VSCODE_LARAVEL_STARTUP_ERROR__: Class "Modules\Auth\Providers\AuthServiceProvider" not found {"exception":"[object] (Error(code: 0): __VSCODE_LARAVEL_STARTUP_ERROR__: Class \"Modules\\Auth\\Providers\\AuthServiceProvider\" not found at D:/pwebif/dona-cake-web/vendor/_laravel_ide/discover-19804082b122017c46bdac205a3a1912.php:33)
[stacktrace]
#0 D:/pwebif/dona-cake-web/vendor/_laravel_ide/discover-19804082b122017c46bdac205a3a1912.php(62): LaravelVsCode::startupError(Object(Error))
#1 {main}
"} 
[2026-05-16 04:24:05] local.ERROR: __VSCODE_LARAVEL_STARTUP_ERROR__: Class "Modules\Auth\Providers\AuthServiceProvider" not found {"exception":"[object] (Error(code: 0): __VSCODE_LARAVEL_STARTUP_ERROR__: Class \"Modules\\Auth\\Providers\\AuthServiceProvider\" not found at D:/pwebif/dona-cake-web/vendor/_laravel_ide/discover-80bc781b69500326630e3fef7a4fdfeb.php:33)
[stacktrace]
#0 D:/pwebif/dona-cake-web/vendor/_laravel_ide/discover-80bc781b69500326630e3fef7a4fdfeb.php(62): LaravelVsCode::startupError(Object(Error))
#1 {main}
"} 
[2026-05-16 04:24:05] local.ERROR: __VSCODE_LARAVEL_STARTUP_ERROR__: Class "Modules\Auth\Providers\AuthServiceProvider" not found {"exception":"[object] (Error(code: 0): __VSCODE_LARAVEL_STARTUP_ERROR__: Class \"Modules\\Auth\\Providers\\AuthServiceProvider\" not found at D:/pwebif/dona-cake-web/vendor/_laravel_ide/discover-ec2e9975ebf5755f76a162b3dce99361.php:33)
[stacktrace]
#0 D:/pwebif/dona-cake-web/vendor/_laravel_ide/discover-ec2e9975ebf5755f76a162b3dce99361.php(62): LaravelVsCode::startupError(Object(Error))
#1 {main}
"} 
[2026-05-16 04:24:05] local.ERROR: __VSCODE_LARAVEL_STARTUP_ERROR__: Class "Modules\Auth\Providers\AuthServiceProvider" not found {"exception":"[object] (Error(code: 0): __VSCODE_LARAVEL_STARTUP_ERROR__: Class \"Modules\\Auth\\Providers\\AuthServiceProvider\" not found at D:/pwebif/dona-cake-web/vendor/_laravel_ide/discover-43419e1773d5590e98dcbfc1b7903297.php:33)
[stacktrace]
#0 D:/pwebif/dona-cake-web/vendor/_laravel_ide/discover-43419e1773d5590e98dcbfc1b7903297.php(62): LaravelVsCode::startupError(Object(Error))
#1 {main}
"} 
[2026-05-16 04:24:05] local.ERROR: __VSCODE_LARAVEL_STARTUP_ERROR__: Class "Modules\Auth\Providers\AuthServiceProvider" not found {"exception":"[object] (Error(code: 0): __VSCODE_LARAVEL_STARTUP_ERROR__: Class \"Modules\\Auth\\Providers\\AuthServiceProvider\" not found at D:/pwebif/dona-cake-web/vendor/_laravel_ide/discover-5c3cbe5e47b16e6c5fd1967f09c399da.php:33)
[stacktrace]
#0 D:/pwebif/dona-cake-web/vendor/_laravel_ide/discover-5c3cbe5e47b16e6c5fd1967f09c399da.php(62): LaravelVsCode::startupError(Object(Error))
#1 {main}
"} 
[2026-05-16 04:30:09] local.ERROR: __VSCODE_LARAVEL_STARTUP_ERROR__: rename(D:\pwebif\dona-cake-web\bootstrap\cache\serC3F.tmp,D:\pwebif\dona-cake-web\bootstrap\cache\services.php): Access is denied (code: 5) {"exception":"[object] (Error(code: 0): __VSCODE_LARAVEL_STARTUP_ERROR__: rename(D:\\pwebif\\dona-cake-web\\bootstrap\\cache\\serC3F.tmp,D:\\pwebif\\dona-cake-web\\bootstrap\\cache\\services.php): Access is denied (code: 5) at D:/pwebif/dona-cake-web/vendor/_laravel_ide/discover-19804082b122017c46bdac205a3a1912.php:33)
[stacktrace]
#0 D:/pwebif/dona-cake-web/vendor/_laravel_ide/discover-19804082b122017c46bdac205a3a1912.php(62): LaravelVsCode::startupError(Object(ErrorException))
#1 {main}
"} 
[2026-05-16 04:30:09] local.ERROR: __VSCODE_LARAVEL_STARTUP_ERROR__: Class "Modules\Auth\Providers\AuthServiceProvider" not found {"exception":"[object] (Error(code: 0): __VSCODE_LARAVEL_STARTUP_ERROR__: Class \"Modules\\Auth\\Providers\\AuthServiceProvider\" not found at D:/pwebif/dona-cake-web/vendor/_laravel_ide/discover-43419e1773d5590e98dcbfc1b7903297.php:33)
[stacktrace]
#0 D:/pwebif/dona-cake-web/vendor/_laravel_ide/discover-43419e1773d5590e98dcbfc1b7903297.php(62): LaravelVsCode::startupError(Object(Error))
#1 {main}
"} 
[2026-05-16 04:30:09] local.ERROR: __VSCODE_LARAVEL_STARTUP_ERROR__: Class "Modules\Auth\Providers\AuthServiceProvider" not found {"exception":"[object] (Error(code: 0): __VSCODE_LARAVEL_STARTUP_ERROR__: Class \"Modules\\Auth\\Providers\\AuthServiceProvider\" not found at D:/pwebif/dona-cake-web/vendor/_laravel_ide/discover-31b934f114eabc246b541addb8b458e3.php:33)
[stacktrace]
#0 D:/pwebif/dona-cake-web/vendor/_laravel_ide/discover-31b934f114eabc246b541addb8b458e3.php(62): LaravelVsCode::startupError(Object(Error))
#1 {main}
"} 
[2026-05-16 04:30:09] local.ERROR: __VSCODE_LARAVEL_STARTUP_ERROR__: Class "Modules\Auth\Providers\AuthServiceProvider" not found {"exception":"[object] (Error(code: 0): __VSCODE_LARAVEL_STARTUP_ERROR__: Class \"Modules\\Auth\\Providers\\AuthServiceProvider\" not found at D:/pwebif/dona-cake-web/vendor/_laravel_ide/discover-5c3cbe5e47b16e6c5fd1967f09c399da.php:33)
[stacktrace]
#0 D:/pwebif/dona-cake-web/vendor/_laravel_ide/discover-5c3cbe5e47b16e6c5fd1967f09c399da.php(62): LaravelVsCode::startupError(Object(Error))
#1 {main}
"} 
[2026-05-16 04:30:09] local.ERROR: __VSCODE_LARAVEL_STARTUP_ERROR__: Class "Modules\Auth\Providers\AuthServiceProvider" not found {"exception":"[object] (Error(code: 0): __VSCODE_LARAVEL_STARTUP_ERROR__: Class \"Modules\\Auth\\Providers\\AuthServiceProvider\" not found at D:/pwebif/dona-cake-web/vendor/_laravel_ide/discover-ec2e9975ebf5755f76a162b3dce99361.php:33)
[stacktrace]
#0 D:/pwebif/dona-cake-web/vendor/_laravel_ide/discover-ec2e9975ebf5755f76a162b3dce99361.php(62): LaravelVsCode::startupError(Object(Error))
#1 {main}
"} 
[2026-05-16 04:30:09] local.ERROR: __VSCODE_LARAVEL_STARTUP_ERROR__: Class "Modules\Auth\Providers\AuthServiceProvider" not found {"exception":"[object] (Error(code: 0): __VSCODE_LARAVEL_STARTUP_ERROR__: Class \"Modules\\Auth\\Providers\\AuthServiceProvider\" not found at D:/pwebif/dona-cake-web/vendor/_laravel_ide/discover-7563160ca998bde672640aa1e68dfd08.php:33)
[stacktrace]
#0 D:/pwebif/dona-cake-web/vendor/_laravel_ide/discover-7563160ca998bde672640aa1e68dfd08.php(62): LaravelVsCode::startupError(Object(Error))
#1 {main}
"} 
[2026-05-16 04:30:10] local.ERROR: __VSCODE_LARAVEL_STARTUP_ERROR__: Class "Modules\Auth\Providers\AuthServiceProvider" not found {"exception":"[object] (Error(code: 0): __VSCODE_LARAVEL_STARTUP_ERROR__: Class \"Modules\\Auth\\Providers\\AuthServiceProvider\" not found at D:/pwebif/dona-cake-web/vendor/_laravel_ide/discover-5c3cbe5e47b16e6c5fd1967f09c399da.php:33)
[stacktrace]
#0 D:/pwebif/dona-cake-web/vendor/_laravel_ide/discover-5c3cbe5e47b16e6c5fd1967f09c399da.php(62): LaravelVsCode::startupError(Object(Error))
#1 {main}
"} 
[2026-05-16 04:30:10] local.ERROR: __VSCODE_LARAVEL_STARTUP_ERROR__: Class "Modules\Auth\Providers\AuthServiceProvider" not found {"exception":"[object] (Error(code: 0): __VSCODE_LARAVEL_STARTUP_ERROR__: Class \"Modules\\Auth\\Providers\\AuthServiceProvider\" not found at D:/pwebif/dona-cake-web/vendor/_laravel_ide/discover-43419e1773d5590e98dcbfc1b7903297.php:33)
[stacktrace]
#0 D:/pwebif/dona-cake-web/vendor/_laravel_ide/discover-43419e1773d5590e98dcbfc1b7903297.php(62): LaravelVsCode::startupError(Object(Error))
#1 {main}
"} 
[2026-05-16 04:30:10] local.ERROR: __VSCODE_LARAVEL_STARTUP_ERROR__: Class "Modules\Auth\Providers\AuthServiceProvider" not found {"exception":"[object] (Error(code: 0): __VSCODE_LARAVEL_STARTUP_ERROR__: Class \"Modules\\Auth\\Providers\\AuthServiceProvider\" not found at D:/pwebif/dona-cake-web/vendor/_laravel_ide/discover-80bc781b69500326630e3fef7a4fdfeb.php:33)
[stacktrace]
#0 D:/pwebif/dona-cake-web/vendor/_laravel_ide/discover-80bc781b69500326630e3fef7a4fdfeb.php(62): LaravelVsCode::startupError(Object(Error))
#1 {main}
"} 
[2026-05-16 04:30:10] local.ERROR: __VSCODE_LARAVEL_STARTUP_ERROR__: Class "Modules\Auth\Providers\AuthServiceProvider" not found {"exception":"[object] (Error(code: 0): __VSCODE_LARAVEL_STARTUP_ERROR__: Class \"Modules\\Auth\\Providers\\AuthServiceProvider\" not found at D:/pwebif/dona-cake-web/vendor/_laravel_ide/discover-ec2e9975ebf5755f76a162b3dce99361.php:33)
[stacktrace]
#0 D:/pwebif/dona-cake-web/vendor/_laravel_ide/discover-ec2e9975ebf5755f76a162b3dce99361.php(62): LaravelVsCode::startupError(Object(Error))
#1 {main}
"} 
[2026-05-16 04:33:24] local.ERROR: Class "Modules\Auth\Providers\AuthServiceProvider" not found {"exception":"[object] (Error(code: 0): Class \"Modules\\Auth\\Providers\\AuthServiceProvider\" not found at D:/pwebif/dona-cake-web/vendor/laravel/framework/src/Illuminate/Foundation/ProviderRepository.php:205)
[stacktrace]
#0 D:/pwebif/dona-cake-web/vendor/laravel/framework/src/Illuminate/Foundation/ProviderRepository.php(141): Illuminate/Foundation/ProviderRepository->createProvider('Modules//Auth//Pr...')
#1 D:/pwebif/dona-cake-web/vendor/laravel/framework/src/Illuminate/Foundation/ProviderRepository.php(60): Illuminate/Foundation/ProviderRepository->compileManifest(Array)
#2 D:/pwebif/dona-cake-web/vendor/nwidart/laravel-modules/src/ModulesServiceProvider.php(32): Illuminate/Foundation/ProviderRepository->load(Array)
#3 D:/pwebif/dona-cake-web/vendor/nwidart/laravel-modules/src/LaravelModulesServiceProvider.php(51): Nwidart/Modules/ModulesServiceProvider->registerModules()
#4 D:/pwebif/dona-cake-web/vendor/laravel/framework/src/Illuminate/Foundation/Application.php(896): Nwidart/Modules/LaravelModulesServiceProvider->register()
#5 D:/pwebif/dona-cake-web/vendor/laravel/framework/src/Illuminate/Foundation/ProviderRepository.php(74): Illuminate/Foundation/Application->register(Object(Nwidart/Modules/LaravelModulesServiceProvider))
#6 D:/pwebif/dona-cake-web/vendor/laravel/framework/src/Illuminate/Foundation/Application.php(871): Illuminate/Foundation/ProviderRepository->load(Array)
#7 D:/pwebif/dona-cake-web/vendor/laravel/framework/src/Illuminate/Foundation/Bootstrap/RegisterProviders.php(37): Illuminate/Foundation/Application->registerConfiguredProviders()
#8 D:/pwebif/dona-cake-web/vendor/laravel/framework/src/Illuminate/Foundation/Application.php(342): Illuminate/Foundation/Bootstrap/RegisterProviders->bootstrap(Object(Illuminate/Foundation/Application))
#9 D:/pwebif/dona-cake-web/vendor/laravel/framework/src/Illuminate/Foundation/Console/Kernel.php(494): Illuminate/Foundation/Application->bootstrapWith(Array)
#10 D:/pwebif/dona-cake-web/vendor/laravel/framework/src/Illuminate/Foundation/Console/Kernel.php(196): Illuminate/Foundation/Console/Kernel->bootstrap()
#11 D:/pwebif/dona-cake-web/vendor/laravel/framework/src/Illuminate/Foundation/Application.php(1235): Illuminate/Foundation/Console/Kernel->handle(Object(Symfony/Component/Console/Input/ArgvInput), Object(Symfony/Component/Console/Output/ConsoleOutput))
#12 D:/pwebif/dona-cake-web/artisan(16): Illuminate/Foundation/Application->handleCommand(Object(Symfony/Component/Console/Input/ArgvInput))
#13 {main}
"} 
[2026-05-16 04:33:24] local.ERROR: Class "Modules\Auth\Providers\AuthServiceProvider" not found {"exception":"[object] (Error(code: 0): Class \"Modules\\Auth\\Providers\\AuthServiceProvider\" not found at D:/pwebif/dona-cake-web/vendor/laravel/framework/src/Illuminate/Foundation/ProviderRepository.php:205)
[stacktrace]
#0 D:/pwebif/dona-cake-web/vendor/laravel/framework/src/Illuminate/Foundation/ProviderRepository.php(141): Illuminate/Foundation/ProviderRepository->createProvider('Modules//Auth//Pr...')
#1 D:/pwebif/dona-cake-web/vendor/laravel/framework/src/Illuminate/Foundation/ProviderRepository.php(60): Illuminate/Foundation/ProviderRepository->compileManifest(Array)
#2 D:/pwebif/dona-cake-web/vendor/nwidart/laravel-modules/src/ModulesServiceProvider.php(32): Illuminate/Foundation/ProviderRepository->load(Array)
#3 D:/pwebif/dona-cake-web/vendor/nwidart/laravel-modules/src/LaravelModulesServiceProvider.php(51): Nwidart/Modules/ModulesServiceProvider->registerModules()
#4 D:/pwebif/dona-cake-web/vendor/laravel/framework/src/Illuminate/Foundation/Application.php(896): Nwidart/Modules/LaravelModulesServiceProvider->register()
#5 D:/pwebif/dona-cake-web/vendor/laravel/framework/src/Illuminate/Foundation/ProviderRepository.php(74): Illuminate/Foundation/Application->register(Object(Nwidart/Modules/LaravelModulesServiceProvider))
#6 D:/pwebif/dona-cake-web/vendor/laravel/framework/src/Illuminate/Foundation/Application.php(871): Illuminate/Foundation/ProviderRepository->load(Array)
#7 D:/pwebif/dona-cake-web/vendor/laravel/framework/src/Illuminate/Foundation/Bootstrap/RegisterProviders.php(37): Illuminate/Foundation/Application->registerConfiguredProviders()
#8 D:/pwebif/dona-cake-web/vendor/laravel/framework/src/Illuminate/Foundation/Application.php(342): Illuminate/Foundation/Bootstrap/RegisterProviders->bootstrap(Object(Illuminate/Foundation/Application))
#9 D:/pwebif/dona-cake-web/vendor/laravel/framework/src/Illuminate/Foundation/Console/Kernel.php(494): Illuminate/Foundation/Application->bootstrapWith(Array)
#10 D:/pwebif/dona-cake-web/vendor/laravel/framework/src/Illuminate/Foundation/Console/Kernel.php(196): Illuminate/Foundation/Console/Kernel->bootstrap()
#11 D:/pwebif/dona-cake-web/vendor/laravel/framework/src/Illuminate/Foundation/Application.php(1235): Illuminate/Foundation/Console/Kernel->handle(Object(Symfony/Component/Console/Input/ArgvInput), Object(Symfony/Component/Console/Output/ConsoleOutput))
#12 D:/pwebif/dona-cake-web/artisan(16): Illuminate/Foundation/Application->handleCommand(Object(Symfony/Component/Console/Input/ArgvInput))
#13 {main}
"} 
[2026-05-16 04:40:48] local.ERROR: __VSCODE_LARAVEL_STARTUP_ERROR__: Class "Modules\Auth\Providers\AuthServiceProvider" not found {"exception":"[object] (Error(code: 0): __VSCODE_LARAVEL_STARTUP_ERROR__: Class \"Modules\\Auth\\Providers\\AuthServiceProvider\" not found at D:/pwebif/dona-cake-web/vendor/_laravel_ide/discover-5c3cbe5e47b16e6c5fd1967f09c399da.php:33)
[stacktrace]
#0 D:/pwebif/dona-cake-web/vendor/_laravel_ide/discover-5c3cbe5e47b16e6c5fd1967f09c399da.php(62): LaravelVsCode::startupError(Object(Error))
#1 {main}
"} 
[2026-05-16 04:41:24] local.ERROR: __VSCODE_LARAVEL_STARTUP_ERROR__: Class "Modules\Auth\Providers\AuthServiceProvider" not found {"exception":"[object] (Error(code: 0): __VSCODE_LARAVEL_STARTUP_ERROR__: Class \"Modules\\Auth\\Providers\\AuthServiceProvider\" not found at D:/pwebif/dona-cake-web/vendor/_laravel_ide/discover-5c3cbe5e47b16e6c5fd1967f09c399da.php:33)
[stacktrace]
#0 D:/pwebif/dona-cake-web/vendor/_laravel_ide/discover-5c3cbe5e47b16e6c5fd1967f09c399da.php(62): LaravelVsCode::startupError(Object(Error))
#1 {main}
"} 
[2026-05-16 04:44:07] local.ERROR: __VSCODE_LARAVEL_STARTUP_ERROR__: Class "Modules\Auth\Providers\AuthServiceProvider" not found {"exception":"[object] (Error(code: 0): __VSCODE_LARAVEL_STARTUP_ERROR__: Class \"Modules\\Auth\\Providers\\AuthServiceProvider\" not found at D:/pwebif/dona-cake-web/vendor/_laravel_ide/discover-5c3cbe5e47b16e6c5fd1967f09c399da.php:33)
[stacktrace]
#0 D:/pwebif/dona-cake-web/vendor/_laravel_ide/discover-5c3cbe5e47b16e6c5fd1967f09c399da.php(62): LaravelVsCode::startupError(Object(Error))
#1 {main}
"} 
[2026-05-16 04:44:19] local.ERROR: __VSCODE_LARAVEL_STARTUP_ERROR__: Class "Modules\Auth\Providers\AuthServiceProvider" not found {"exception":"[object] (Error(code: 0): __VSCODE_LARAVEL_STARTUP_ERROR__: Class \"Modules\\Auth\\Providers\\AuthServiceProvider\" not found at D:/pwebif/dona-cake-web/vendor/_laravel_ide/discover-5c3cbe5e47b16e6c5fd1967f09c399da.php:33)
[stacktrace]
#0 D:/pwebif/dona-cake-web/vendor/_laravel_ide/discover-5c3cbe5e47b16e6c5fd1967f09c399da.php(62): LaravelVsCode::startupError(Object(Error))
#1 {main}
"} 
[2026-05-16 04:44:42] local.ERROR: __VSCODE_LARAVEL_STARTUP_ERROR__: Class "Modules\Auth\Providers\AuthServiceProvider" not found {"exception":"[object] (Error(code: 0): __VSCODE_LARAVEL_STARTUP_ERROR__: Class \"Modules\\Auth\\Providers\\AuthServiceProvider\" not found at D:/pwebif/dona-cake-web/vendor/_laravel_ide/discover-5c3cbe5e47b16e6c5fd1967f09c399da.php:33)
[stacktrace]
#0 D:/pwebif/dona-cake-web/vendor/_laravel_ide/discover-5c3cbe5e47b16e6c5fd1967f09c399da.php(62): LaravelVsCode::startupError(Object(Error))
#1 {main}
"} 
[2026-05-16 04:45:12] local.ERROR: __VSCODE_LARAVEL_STARTUP_ERROR__: Class "Modules\Auth\Providers\AuthServiceProvider" not found {"exception":"[object] (Error(code: 0): __VSCODE_LARAVEL_STARTUP_ERROR__: Class \"Modules\\Auth\\Providers\\AuthServiceProvider\" not found at D:/pwebif/dona-cake-web/vendor/_laravel_ide/discover-5c3cbe5e47b16e6c5fd1967f09c399da.php:33)
[stacktrace]
#0 D:/pwebif/dona-cake-web/vendor/_laravel_ide/discover-5c3cbe5e47b16e6c5fd1967f09c399da.php(62): LaravelVsCode::startupError(Object(Error))
#1 {main}
"} 
[2026-05-16 04:45:36] local.ERROR: __VSCODE_LARAVEL_STARTUP_ERROR__: Class "Modules\Auth\Providers\AuthServiceProvider" not found {"exception":"[object] (Error(code: 0): __VSCODE_LARAVEL_STARTUP_ERROR__: Class \"Modules\\Auth\\Providers\\AuthServiceProvider\" not found at D:/pwebif/dona-cake-web/vendor/_laravel_ide/discover-5c3cbe5e47b16e6c5fd1967f09c399da.php:33)
[stacktrace]
#0 D:/pwebif/dona-cake-web/vendor/_laravel_ide/discover-5c3cbe5e47b16e6c5fd1967f09c399da.php(62): LaravelVsCode::startupError(Object(Error))
#1 {main}
"} 
[2026-05-16 04:45:53] local.ERROR: Class "Modules\Auth\Providers\AuthServiceProvider" not found {"exception":"[object] (Error(code: 0): Class \"Modules\\Auth\\Providers\\AuthServiceProvider\" not found at D:/pwebif/dona-cake-web/vendor/laravel/framework/src/Illuminate/Foundation/ProviderRepository.php:205)
[stacktrace]
#0 D:/pwebif/dona-cake-web/vendor/laravel/framework/src/Illuminate/Foundation/ProviderRepository.php(141): Illuminate/Foundation/ProviderRepository->createProvider('Modules//Auth//Pr...')
#1 D:/pwebif/dona-cake-web/vendor/laravel/framework/src/Illuminate/Foundation/ProviderRepository.php(60): Illuminate/Foundation/ProviderRepository->compileManifest(Array)
#2 D:/pwebif/dona-cake-web/vendor/nwidart/laravel-modules/src/ModulesServiceProvider.php(32): Illuminate/Foundation/ProviderRepository->load(Array)
#3 D:/pwebif/dona-cake-web/vendor/nwidart/laravel-modules/src/LaravelModulesServiceProvider.php(51): Nwidart/Modules/ModulesServiceProvider->registerModules()
#4 D:/pwebif/dona-cake-web/vendor/laravel/framework/src/Illuminate/Foundation/Application.php(896): Nwidart/Modules/LaravelModulesServiceProvider->register()
#5 D:/pwebif/dona-cake-web/vendor/laravel/framework/src/Illuminate/Foundation/ProviderRepository.php(74): Illuminate/Foundation/Application->register(Object(Nwidart/Modules/LaravelModulesServiceProvider))
#6 D:/pwebif/dona-cake-web/vendor/laravel/framework/src/Illuminate/Foundation/Application.php(871): Illuminate/Foundation/ProviderRepository->load(Array)
#7 D:/pwebif/dona-cake-web/vendor/laravel/framework/src/Illuminate/Foundation/Bootstrap/RegisterProviders.php(37): Illuminate/Foundation/Application->registerConfiguredProviders()
#8 D:/pwebif/dona-cake-web/vendor/laravel/framework/src/Illuminate/Foundation/Application.php(342): Illuminate/Foundation/Bootstrap/RegisterProviders->bootstrap(Object(Illuminate/Foundation/Application))
#9 D:/pwebif/dona-cake-web/vendor/laravel/framework/src/Illuminate/Foundation/Console/Kernel.php(494): Illuminate/Foundation/Application->bootstrapWith(Array)
#10 D:/pwebif/dona-cake-web/vendor/laravel/framework/src/Illuminate/Foundation/Console/Kernel.php(196): Illuminate/Foundation/Console/Kernel->bootstrap()
#11 D:/pwebif/dona-cake-web/vendor/laravel/framework/src/Illuminate/Foundation/Application.php(1235): Illuminate/Foundation/Console/Kernel->handle(Object(Symfony/Component/Console/Input/ArgvInput), Object(Symfony/Component/Console/Output/ConsoleOutput))
#12 D:/pwebif/dona-cake-web/artisan(16): Illuminate/Foundation/Application->handleCommand(Object(Symfony/Component/Console/Input/ArgvInput))
#13 {main}
"} 
[2026-05-16 04:45:53] local.ERROR: Class "Modules\Auth\Providers\AuthServiceProvider" not found {"exception":"[object] (Error(code: 0): Class \"Modules\\Auth\\Providers\\AuthServiceProvider\" not found at D:/pwebif/dona-cake-web/vendor/laravel/framework/src/Illuminate/Foundation/ProviderRepository.php:205)
[stacktrace]
#0 D:/pwebif/dona-cake-web/vendor/laravel/framework/src/Illuminate/Foundation/ProviderRepository.php(141): Illuminate/Foundation/ProviderRepository->createProvider('Modules//Auth//Pr...')
#1 D:/pwebif/dona-cake-web/vendor/laravel/framework/src/Illuminate/Foundation/ProviderRepository.php(60): Illuminate/Foundation/ProviderRepository->compileManifest(Array)
#2 D:/pwebif/dona-cake-web/vendor/nwidart/laravel-modules/src/ModulesServiceProvider.php(32): Illuminate/Foundation/ProviderRepository->load(Array)
#3 D:/pwebif/dona-cake-web/vendor/nwidart/laravel-modules/src/LaravelModulesServiceProvider.php(51): Nwidart/Modules/ModulesServiceProvider->registerModules()
#4 D:/pwebif/dona-cake-web/vendor/laravel/framework/src/Illuminate/Foundation/Application.php(896): Nwidart/Modules/LaravelModulesServiceProvider->register()
#5 D:/pwebif/dona-cake-web/vendor/laravel/framework/src/Illuminate/Foundation/ProviderRepository.php(74): Illuminate/Foundation/Application->register(Object(Nwidart/Modules/LaravelModulesServiceProvider))
#6 D:/pwebif/dona-cake-web/vendor/laravel/framework/src/Illuminate/Foundation/Application.php(871): Illuminate/Foundation/ProviderRepository->load(Array)
#7 D:/pwebif/dona-cake-web/vendor/laravel/framework/src/Illuminate/Foundation/Bootstrap/RegisterProviders.php(37): Illuminate/Foundation/Application->registerConfiguredProviders()
#8 D:/pwebif/dona-cake-web/vendor/laravel/framework/src/Illuminate/Foundation/Application.php(342): Illuminate/Foundation/Bootstrap/RegisterProviders->bootstrap(Object(Illuminate/Foundation/Application))
#9 D:/pwebif/dona-cake-web/vendor/laravel/framework/src/Illuminate/Foundation/Console/Kernel.php(494): Illuminate/Foundation/Application->bootstrapWith(Array)
#10 D:/pwebif/dona-cake-web/vendor/laravel/framework/src/Illuminate/Foundation/Console/Kernel.php(196): Illuminate/Foundation/Console/Kernel->bootstrap()
#11 D:/pwebif/dona-cake-web/vendor/laravel/framework/src/Illuminate/Foundation/Application.php(1235): Illuminate/Foundation/Console/Kernel->handle(Object(Symfony/Component/Console/Input/ArgvInput), Object(Symfony/Component/Console/Output/ConsoleOutput))
#12 D:/pwebif/dona-cake-web/artisan(16): Illuminate/Foundation/Application->handleCommand(Object(Symfony/Component/Console/Input/ArgvInput))
#13 {main}
"} 
[2026-05-16 04:50:41] local.ERROR: __VSCODE_LARAVEL_STARTUP_ERROR__: Class "Modules\Auth\Providers\AuthServiceProvider" not found {"exception":"[object] (Error(code: 0): __VSCODE_LARAVEL_STARTUP_ERROR__: Class \"Modules\\Auth\\Providers\\AuthServiceProvider\" not found at D:/pwebif/dona-cake-web/vendor/_laravel_ide/discover-5c3cbe5e47b16e6c5fd1967f09c399da.php:33)
[stacktrace]
#0 D:/pwebif/dona-cake-web/vendor/_laravel_ide/discover-5c3cbe5e47b16e6c5fd1967f09c399da.php(62): LaravelVsCode::startupError(Object(Error))
#1 {main}
"} 
[2026-05-16 05:09:07] local.ERROR: Class "App\Http\Controllers\Controller" not found {"exception":"[object] (Error(code: 0): Class \"App\\Http\\Controllers\\Controller\" not found at D:/pwebif/dona-cake-web/Modules/AsistenVirtual/app/Http/Controllers/AsistenVirtualController.php:8)
[stacktrace]
#0 D:/pwebif/dona-cake-web/vendor/composer/ClassLoader.php(576): include()
#1 D:/pwebif/dona-cake-web/vendor/composer/ClassLoader.php(427): {closure:Composer/Autoload/ClassLoader::initializeIncludeClosure():575}('D://pwebif//dona-...')
#2 [internal function]: Composer/Autoload/ClassLoader->loadClass('Modules//Asisten...')
#3 D:/pwebif/dona-cake-web/vendor/laravel/framework/src/Illuminate/Routing/Route.php(1175): ReflectionClass->__construct('Modules//Asisten...')
#4 D:/pwebif/dona-cake-web/vendor/laravel/framework/src/Illuminate/Routing/Route.php(1125): Illuminate/Routing/Route->attributeProvidedControllerMiddleware('Modules//Asisten...', 'index')
#5 D:/pwebif/dona-cake-web/vendor/laravel/framework/src/Illuminate/Routing/Route.php(1062): Illuminate/Routing/Route->controllerMiddleware()
#6 D:/pwebif/dona-cake-web/vendor/laravel/framework/src/Illuminate/Routing/Router.php(834): Illuminate/Routing/Route->gatherMiddleware()
#7 D:/pwebif/dona-cake-web/vendor/laravel/framework/src/Illuminate/Foundation/Console/RouteListCommand.php(229): Illuminate/Routing/Router->gatherRouteMiddleware(Object(Illuminate/Routing/Route))
#8 D:/pwebif/dona-cake-web/vendor/laravel/framework/src/Illuminate/Foundation/Console/RouteListCommand.php(148): Illuminate/Foundation/Console/RouteListCommand->getMiddleware(Object(Illuminate/Routing/Route))
#9 D:/pwebif/dona-cake-web/vendor/laravel/framework/src/Illuminate/Foundation/Console/RouteListCommand.php(117): Illuminate/Foundation/Console/RouteListCommand->getRouteInformation(Object(Illuminate/Routing/Route))
#10 [internal function]: Illuminate/Foundation/Console/RouteListCommand->{closure:Illuminate/Foundation/Console/RouteListCommand::getRoutes():117}(Object(Illuminate/Routing/Route), 27)
#11 D:/pwebif/dona-cake-web/vendor/laravel/framework/src/Illuminate/Collections/Arr.php(842): array_map(Object(Closure), Array, Array)
#12 D:/pwebif/dona-cake-web/vendor/laravel/framework/src/Illuminate/Collections/Collection.php(827): Illuminate/Support/Arr::map(Array, Object(Closure))
#13 D:/pwebif/dona-cake-web/vendor/laravel/framework/src/Illuminate/Foundation/Console/RouteListCommand.php(117): Illuminate/Support/Collection->map(Object(Closure))
#14 D:/pwebif/dona-cake-web/vendor/laravel/framework/src/Illuminate/Foundation/Console/RouteListCommand.php(102): Illuminate/Foundation/Console/RouteListCommand->getRoutes()
#15 D:/pwebif/dona-cake-web/vendor/laravel/framework/src/Illuminate/Container/BoundMethod.php(36): Illuminate/Foundation/Console/RouteListCommand->handle()
#16 D:/pwebif/dona-cake-web/vendor/laravel/framework/src/Illuminate/Container/Util.php(43): Illuminate/Container/BoundMethod::{closure:Illuminate/Container/BoundMethod::call():35}()
#17 D:/pwebif/dona-cake-web/vendor/laravel/framework/src/Illuminate/Container/BoundMethod.php(96): Illuminate/Container/Util::unwrapIfClosure(Object(Closure))
#18 D:/pwebif/dona-cake-web/vendor/laravel/framework/src/Illuminate/Container/BoundMethod.php(35): Illuminate/Container/BoundMethod::callBoundMethod(Object(Illuminate/Foundation/Application), Array, Object(Closure))
#19 D:/pwebif/dona-cake-web/vendor/laravel/framework/src/Illuminate/Container/Container.php(799): Illuminate/Container/BoundMethod::call(Object(Illuminate/Foundation/Application), Array, Array, NULL)
#20 D:/pwebif/dona-cake-web/vendor/laravel/framework/src/Illuminate/Console/Command.php(280): Illuminate/Container/Container->call(Array)
#21 D:/pwebif/dona-cake-web/vendor/symfony/console/Command/Command.php(291): Illuminate/Console/Command->execute(Object(Symfony/Component/Console/Input/ArgvInput), Object(Illuminate/Console/OutputStyle))
#22 D:/pwebif/dona-cake-web/vendor/laravel/framework/src/Illuminate/Console/Command.php(249): Symfony/Component/Console/Command/Command->run(Object(Symfony/Component/Console/Input/ArgvInput), Object(Illuminate/Console/OutputStyle))
#23 D:/pwebif/dona-cake-web/vendor/symfony/console/Application.php(1107): Illuminate/Console/Command->run(Object(Symfony/Component/Console/Input/ArgvInput), Object(Symfony/Component/Console/Output/ConsoleOutput))
#24 D:/pwebif/dona-cake-web/vendor/symfony/console/Application.php(356): Symfony/Component/Console/Application->doRunCommand(Object(Illuminate/Foundation/Console/RouteListCommand), Object(Symfony/Component/Console/Input/ArgvInput), Object(Symfony/Component/Console/Output/ConsoleOutput))
#25 D:/pwebif/dona-cake-web/vendor/symfony/console/Application.php(195): Symfony/Component/Console/Application->doRun(Object(Symfony/Component/Console/Input/ArgvInput), Object(Symfony/Component/Console/Output/ConsoleOutput))
#26 D:/pwebif/dona-cake-web/vendor/laravel/framework/src/Illuminate/Foundation/Console/Kernel.php(198): Symfony/Component/Console/Application->run(Object(Symfony/Component/Console/Input/ArgvInput), Object(Symfony/Component/Console/Output/ConsoleOutput))
#27 D:/pwebif/dona-cake-web/vendor/laravel/framework/src/Illuminate/Foundation/Application.php(1235): Illuminate/Foundation/Console/Kernel->handle(Object(Symfony/Component/Console/Input/ArgvInput), Object(Symfony/Component/Console/Output/ConsoleOutput))
#28 D:/pwebif/dona-cake-web/artisan(16): Illuminate/Foundation/Application->handleCommand(Object(Symfony/Component/Console/Input/ArgvInput))
#29 {main}
"} 
[2026-05-16 05:18:57] local.ERROR: Attempt to read property "id" on null {"userId":26,"exception":"[object] (ErrorException(code: 0): Attempt to read property \"id\" on null at D:/pwebif/dona-cake-web/Modules/Booking/app/Livewire/Pages/BookingForm.php:37)
[stacktrace]
#0 D:/pwebif/dona-cake-web/vendor/laravel/framework/src/Illuminate/Foundation/Bootstrap/HandleExceptions.php(258): Illuminate/Foundation/Bootstrap/HandleExceptions->handleError(2, 'Attempt to read...', 'D://pwebif//dona-...', 37)
#1 D:/pwebif/dona-cake-web/Modules/Booking/app/Livewire/Pages/BookingForm.php(37): Illuminate/Foundation/Bootstrap/HandleExceptions->{closure:Illuminate/Foundation/Bootstrap/HandleExceptions::forwardsTo():257}(2, 'Attempt to read...', 'D://pwebif//dona-...', 37)
#2 D:/pwebif/dona-cake-web/vendor/laravel/framework/src/Illuminate/Container/BoundMethod.php(36): Modules/Booking/Livewire/Pages/BookingForm->submit()
#3 D:/pwebif/dona-cake-web/vendor/laravel/framework/src/Illuminate/Container/Util.php(43): Illuminate/Container/BoundMethod::{closure:Illuminate/Container/BoundMethod::call():35}()
#4 D:/pwebif/dona-cake-web/vendor/laravel/framework/src/Illuminate/Container/BoundMethod.php(96): Illuminate/Container/Util::unwrapIfClosure(Object(Closure))
#5 D:/pwebif/dona-cake-web/vendor/laravel/framework/src/Illuminate/Container/BoundMethod.php(35): Illuminate/Container/BoundMethod::callBoundMethod(Object(Illuminate/Foundation/Application), Array, Object(Closure))
#6 D:/pwebif/dona-cake-web/vendor/livewire/livewire/src/Wrapped.php(23): Illuminate/Container/BoundMethod::call(Object(Illuminate/Foundation/Application), Array, Array)
#7 D:/pwebif/dona-cake-web/vendor/livewire/livewire/src/Mechanisms/HandleComponents/HandleComponents.php(697): Livewire/Wrapped->__call('submit', Array)
#8 D:/pwebif/dona-cake-web/vendor/livewire/livewire/src/Mechanisms/HandleComponents/HandleComponents.php(240): Livewire/Mechanisms/HandleComponents/HandleComponents->callMethods(Object(Modules/Booking/Livewire/Pages/BookingForm), Array, Object(Livewire/Mechanisms/HandleComponents/ComponentContext))
#9 D:/pwebif/dona-cake-web/vendor/livewire/livewire/src/LivewireManager.php(131): Livewire/Mechanisms/HandleComponents/HandleComponents->update(Array, Array, Array)
#10 D:/pwebif/dona-cake-web/vendor/livewire/livewire/src/Mechanisms/HandleRequests/HandleRequests.php(202): Livewire/LivewireManager->update(Array, Array, Array)
#11 D:/pwebif/dona-cake-web/vendor/laravel/framework/src/Illuminate/Routing/ControllerDispatcher.php(46): Livewire/Mechanisms/HandleRequests/HandleRequests->handleUpdate()
#12 D:/pwebif/dona-cake-web/vendor/laravel/framework/src/Illuminate/Routing/Route.php(269): Illuminate/Routing/ControllerDispatcher->dispatch(Object(Illuminate/Routing/Route), Object(Livewire/Mechanisms/HandleRequests/HandleRequests), 'handleUpdate')
#13 D:/pwebif/dona-cake-web/vendor/laravel/framework/src/Illuminate/Routing/Route.php(215): Illuminate/Routing/Route->runController()
#14 D:/pwebif/dona-cake-web/vendor/laravel/framework/src/Illuminate/Routing/Router.php(822): Illuminate/Routing/Route->run()
#15 D:/pwebif/dona-cake-web/vendor/laravel/framework/src/Illuminate/Pipeline/Pipeline.php(180): Illuminate/Routing/Router->{closure:Illuminate/Routing/Router::runRouteWithinStack():821}(Object(Illuminate/Http/Request))
#16 D:/pwebif/dona-cake-web/vendor/livewire/livewire/src/Mechanisms/HandleRequests/RequireLivewireHeaders.php(19): Illuminate/Pipeline/Pipeline->{closure:Illuminate/Pipeline/Pipeline::prepareDestination():178}(Object(Illuminate/Http/Request))
#17 D:/pwebif/dona-cake-web/vendor/laravel/framework/src/Illuminate/Pipeline/Pipeline.php(219): Livewire/Mechanisms/HandleRequests/RequireLivewireHeaders->handle(Object(Illuminate/Http/Request), Object(Closure))
#18 D:/pwebif/dona-cake-web/vendor/laravel/framework/src/Illuminate/Routing/Middleware/SubstituteBindings.php(52): Illuminate/Pipeline/Pipeline->{closure:{closure:Illuminate/Pipeline/Pipeline::carry():194}:195}(Object(Illuminate/Http/Request))
#19 D:/pwebif/dona-cake-web/vendor/laravel/framework/src/Illuminate/Pipeline/Pipeline.php(219): Illuminate/Routing/Middleware/SubstituteBindings->handle(Object(Illuminate/Http/Request), Object(Closure))
#20 D:/pwebif/dona-cake-web/vendor/laravel/framework/src/Illuminate/Foundation/Http/Middleware/PreventRequestForgery.php(104): Illuminate/Pipeline/Pipeline->{closure:{closure:Illuminate/Pipeline/Pipeline::carry():194}:195}(Object(Illuminate/Http/Request))
#21 D:/pwebif/dona-cake-web/vendor/laravel/framework/src/Illuminate/Pipeline/Pipeline.php(219): Illuminate/Foundation/Http/Middleware/PreventRequestForgery->handle(Object(Illuminate/Http/Request), Object(Closure))
#22 D:/pwebif/dona-cake-web/vendor/laravel/framework/src/Illuminate/View/Middleware/ShareErrorsFromSession.php(48): Illuminate/Pipeline/Pipeline->{closure:{closure:Illuminate/Pipeline/Pipeline::carry():194}:195}(Object(Illuminate/Http/Request))
#23 D:/pwebif/dona-cake-web/vendor/laravel/framework/src/Illuminate/Pipeline/Pipeline.php(219): Illuminate/View/Middleware/ShareErrorsFromSession->handle(Object(Illuminate/Http/Request), Object(Closure))
#24 D:/pwebif/dona-cake-web/vendor/laravel/framework/src/Illuminate/Session/Middleware/StartSession.php(120): Illuminate/Pipeline/Pipeline->{closure:{closure:Illuminate/Pipeline/Pipeline::carry():194}:195}(Object(Illuminate/Http/Request))
#25 D:/pwebif/dona-cake-web/vendor/laravel/framework/src/Illuminate/Session/Middleware/StartSession.php(63): Illuminate/Session/Middleware/StartSession->handleStatefulRequest(Object(Illuminate/Http/Request), Object(Illuminate/Session/Store), Object(Closure))
#26 D:/pwebif/dona-cake-web/vendor/laravel/framework/src/Illuminate/Pipeline/Pipeline.php(219): Illuminate/Session/Middleware/StartSession->handle(Object(Illuminate/Http/Request), Object(Closure))
#27 D:/pwebif/dona-cake-web/vendor/laravel/framework/src/Illuminate/Cookie/Middleware/AddQueuedCookiesToResponse.php(36): Illuminate/Pipeline/Pipeline->{closure:{closure:Illuminate/Pipeline/Pipeline::carry():194}:195}(Object(Illuminate/Http/Request))
#28 D:/pwebif/dona-cake-web/vendor/laravel/framework/src/Illuminate/Pipeline/Pipeline.php(219): Illuminate/Cookie/Middleware/AddQueuedCookiesToResponse->handle(Object(Illuminate/Http/Request), Object(Closure))
#29 D:/pwebif/dona-cake-web/vendor/laravel/framework/src/Illuminate/Cookie/Middleware/EncryptCookies.php(74): Illuminate/Pipeline/Pipeline->{closure:{closure:Illuminate/Pipeline/Pipeline::carry():194}:195}(Object(Illuminate/Http/Request))
#30 D:/pwebif/dona-cake-web/vendor/laravel/framework/src/Illuminate/Pipeline/Pipeline.php(219): Illuminate/Cookie/Middleware/EncryptCookies->handle(Object(Illuminate/Http/Request), Object(Closure))
#31 D:/pwebif/dona-cake-web/vendor/laravel/framework/src/Illuminate/Pipeline/Pipeline.php(137): Illuminate/Pipeline/Pipeline->{closure:{closure:Illuminate/Pipeline/Pipeline::carry():194}:195}(Object(Illuminate/Http/Request))
#32 D:/pwebif/dona-cake-web/vendor/laravel/framework/src/Illuminate/Routing/Router.php(821): Illuminate/Pipeline/Pipeline->then(Object(Closure))
#33 D:/pwebif/dona-cake-web/vendor/laravel/framework/src/Illuminate/Routing/Router.php(800): Illuminate/Routing/Router->runRouteWithinStack(Object(Illuminate/Routing/Route), Object(Illuminate/Http/Request))
#34 D:/pwebif/dona-cake-web/vendor/laravel/framework/src/Illuminate/Routing/Router.php(764): Illuminate/Routing/Router->runRoute(Object(Illuminate/Http/Request), Object(Illuminate/Routing/Route))
#35 D:/pwebif/dona-cake-web/vendor/laravel/framework/src/Illuminate/Routing/Router.php(753): Illuminate/Routing/Router->dispatchToRoute(Object(Illuminate/Http/Request))
#36 D:/pwebif/dona-cake-web/vendor/laravel/framework/src/Illuminate/Foundation/Http/Kernel.php(200): Illuminate/Routing/Router->dispatch(Object(Illuminate/Http/Request))
#37 D:/pwebif/dona-cake-web/vendor/laravel/framework/src/Illuminate/Pipeline/Pipeline.php(180): Illuminate/Foundation/Http/Kernel->{closure:Illuminate/Foundation/Http/Kernel::dispatchToRouter():197}(Object(Illuminate/Http/Request))
#38 D:/pwebif/dona-cake-web/vendor/livewire/livewire/src/Features/SupportDisablingBackButtonCache/DisableBackButtonCacheMiddleware.php(19): Illuminate/Pipeline/Pipeline->{closure:Illuminate/Pipeline/Pipeline::prepareDestination():178}(Object(Illuminate/Http/Request))
#39 D:/pwebif/dona-cake-web/vendor/laravel/framework/src/Illuminate/Pipeline/Pipeline.php(219): Livewire/Features/SupportDisablingBackButtonCache/DisableBackButtonCacheMiddleware->handle(Object(Illuminate/Http/Request), Object(Closure))
#40 D:/pwebif/dona-cake-web/vendor/laravel/framework/src/Illuminate/Foundation/Http/Middleware/ConvertEmptyStringsToNull.php(27): Illuminate/Pipeline/Pipeline->{closure:{closure:Illuminate/Pipeline/Pipeline::carry():194}:195}(Object(Illuminate/Http/Request))
#41 D:/pwebif/dona-cake-web/vendor/laravel/framework/src/Illuminate/Pipeline/Pipeline.php(219): Illuminate/Foundation/Http/Middleware/ConvertEmptyStringsToNull->handle(Object(Illuminate/Http/Request), Object(Closure))
#42 D:/pwebif/dona-cake-web/vendor/laravel/framework/src/Illuminate/Foundation/Http/Middleware/TrimStrings.php(47): Illuminate/Pipeline/Pipeline->{closure:{closure:Illuminate/Pipeline/Pipeline::carry():194}:195}(Object(Illuminate/Http/Request))
#43 D:/pwebif/dona-cake-web/vendor/laravel/framework/src/Illuminate/Pipeline/Pipeline.php(219): Illuminate/Foundation/Http/Middleware/TrimStrings->handle(Object(Illuminate/Http/Request), Object(Closure))
#44 D:/pwebif/dona-cake-web/vendor/laravel/framework/src/Illuminate/Http/Middleware/ValidatePostSize.php(27): Illuminate/Pipeline/Pipeline->{closure:{closure:Illuminate/Pipeline/Pipeline::carry():194}:195}(Object(Illuminate/Http/Request))
#45 D:/pwebif/dona-cake-web/vendor/laravel/framework/src/Illuminate/Pipeline/Pipeline.php(219): Illuminate/Http/Middleware/ValidatePostSize->handle(Object(Illuminate/Http/Request), Object(Closure))
#46 D:/pwebif/dona-cake-web/vendor/laravel/framework/src/Illuminate/Foundation/Http/Middleware/PreventRequestsDuringMaintenance.php(109): Illuminate/Pipeline/Pipeline->{closure:{closure:Illuminate/Pipeline/Pipeline::carry():194}:195}(Object(Illuminate/Http/Request))
#47 D:/pwebif/dona-cake-web/vendor/laravel/framework/src/Illuminate/Pipeline/Pipeline.php(219): Illuminate/Foundation/Http/Middleware/PreventRequestsDuringMaintenance->handle(Object(Illuminate/Http/Request), Object(Closure))
#48 D:/pwebif/dona-cake-web/vendor/laravel/framework/src/Illuminate/Http/Middleware/HandleCors.php(61): Illuminate/Pipeline/Pipeline->{closure:{closure:Illuminate/Pipeline/Pipeline::carry():194}:195}(Object(Illuminate/Http/Request))
#49 D:/pwebif/dona-cake-web/vendor/laravel/framework/src/Illuminate/Pipeline/Pipeline.php(219): Illuminate/Http/Middleware/HandleCors->handle(Object(Illuminate/Http/Request), Object(Closure))
#50 D:/pwebif/dona-cake-web/vendor/laravel/framework/src/Illuminate/Http/Middleware/TrustProxies.php(58): Illuminate/Pipeline/Pipeline->{closure:{closure:Illuminate/Pipeline/Pipeline::carry():194}:195}(Object(Illuminate/Http/Request))
#51 D:/pwebif/dona-cake-web/vendor/laravel/framework/src/Illuminate/Pipeline/Pipeline.php(219): Illuminate/Http/Middleware/TrustProxies->handle(Object(Illuminate/Http/Request), Object(Closure))
#52 D:/pwebif/dona-cake-web/vendor/laravel/framework/src/Illuminate/Foundation/Http/Middleware/InvokeDeferredCallbacks.php(22): Illuminate/Pipeline/Pipeline->{closure:{closure:Illuminate/Pipeline/Pipeline::carry():194}:195}(Object(Illuminate/Http/Request))
#53 D:/pwebif/dona-cake-web/vendor/laravel/framework/src/Illuminate/Pipeline/Pipeline.php(219): Illuminate/Foundation/Http/Middleware/InvokeDeferredCallbacks->handle(Object(Illuminate/Http/Request), Object(Closure))
#54 D:/pwebif/dona-cake-web/vendor/laravel/framework/src/Illuminate/Http/Middleware/ValidatePathEncoding.php(28): Illuminate/Pipeline/Pipeline->{closure:{closure:Illuminate/Pipeline/Pipeline::carry():194}:195}(Object(Illuminate/Http/Request))
#55 D:/pwebif/dona-cake-web/vendor/laravel/framework/src/Illuminate/Pipeline/Pipeline.php(219): Illuminate/Http/Middleware/ValidatePathEncoding->handle(Object(Illuminate/Http/Request), Object(Closure))
#56 D:/pwebif/dona-cake-web/vendor/laravel/framework/src/Illuminate/Pipeline/Pipeline.php(137): Illuminate/Pipeline/Pipeline->{closure:{closure:Illuminate/Pipeline/Pipeline::carry():194}:195}(Object(Illuminate/Http/Request))
#57 D:/pwebif/dona-cake-web/vendor/laravel/framework/src/Illuminate/Foundation/Http/Kernel.php(175): Illuminate/Pipeline/Pipeline->then(Object(Closure))
#58 D:/pwebif/dona-cake-web/vendor/laravel/framework/src/Illuminate/Foundation/Http/Kernel.php(144): Illuminate/Foundation/Http/Kernel->sendRequestThroughRouter(Object(Illuminate/Http/Request))
#59 D:/pwebif/dona-cake-web/vendor/laravel/framework/src/Illuminate/Foundation/Application.php(1220): Illuminate/Foundation/Http/Kernel->handle(Object(Illuminate/Http/Request))
#60 D:/pwebif/dona-cake-web/public/index.php(20): Illuminate/Foundation/Application->handleRequest(Object(Illuminate/Http/Request))
#61 D:/pwebif/dona-cake-web/vendor/laravel/framework/src/Illuminate/Foundation/resources/server.php(23): require_once('D://pwebif//dona-...')
#62 {main}
"} 
[2026-05-16 05:19:57] local.ERROR: Attempt to read property "id" on null {"userId":26,"exception":"[object] (ErrorException(code: 0): Attempt to read property \"id\" on null at D:/pwebif/dona-cake-web/Modules/Booking/app/Livewire/Pages/BookingForm.php:37)
[stacktrace]
#0 D:/pwebif/dona-cake-web/vendor/laravel/framework/src/Illuminate/Foundation/Bootstrap/HandleExceptions.php(258): Illuminate/Foundation/Bootstrap/HandleExceptions->handleError(2, 'Attempt to read...', 'D://pwebif//dona-...', 37)
#1 D:/pwebif/dona-cake-web/Modules/Booking/app/Livewire/Pages/BookingForm.php(37): Illuminate/Foundation/Bootstrap/HandleExceptions->{closure:Illuminate/Foundation/Bootstrap/HandleExceptions::forwardsTo():257}(2, 'Attempt to read...', 'D://pwebif//dona-...', 37)
#2 D:/pwebif/dona-cake-web/vendor/laravel/framework/src/Illuminate/Container/BoundMethod.php(36): Modules/Booking/Livewire/Pages/BookingForm->submit()
#3 D:/pwebif/dona-cake-web/vendor/laravel/framework/src/Illuminate/Container/Util.php(43): Illuminate/Container/BoundMethod::{closure:Illuminate/Container/BoundMethod::call():35}()
#4 D:/pwebif/dona-cake-web/vendor/laravel/framework/src/Illuminate/Container/BoundMethod.php(96): Illuminate/Container/Util::unwrapIfClosure(Object(Closure))
#5 D:/pwebif/dona-cake-web/vendor/laravel/framework/src/Illuminate/Container/BoundMethod.php(35): Illuminate/Container/BoundMethod::callBoundMethod(Object(Illuminate/Foundation/Application), Array, Object(Closure))
#6 D:/pwebif/dona-cake-web/vendor/livewire/livewire/src/Wrapped.php(23): Illuminate/Container/BoundMethod::call(Object(Illuminate/Foundation/Application), Array, Array)
#7 D:/pwebif/dona-cake-web/vendor/livewire/livewire/src/Mechanisms/HandleComponents/HandleComponents.php(697): Livewire/Wrapped->__call('submit', Array)
#8 D:/pwebif/dona-cake-web/vendor/livewire/livewire/src/Mechanisms/HandleComponents/HandleComponents.php(240): Livewire/Mechanisms/HandleComponents/HandleComponents->callMethods(Object(Modules/Booking/Livewire/Pages/BookingForm), Array, Object(Livewire/Mechanisms/HandleComponents/ComponentContext))
#9 D:/pwebif/dona-cake-web/vendor/livewire/livewire/src/LivewireManager.php(131): Livewire/Mechanisms/HandleComponents/HandleComponents->update(Array, Array, Array)
#10 D:/pwebif/dona-cake-web/vendor/livewire/livewire/src/Mechanisms/HandleRequests/HandleRequests.php(202): Livewire/LivewireManager->update(Array, Array, Array)
#11 D:/pwebif/dona-cake-web/vendor/laravel/framework/src/Illuminate/Routing/ControllerDispatcher.php(46): Livewire/Mechanisms/HandleRequests/HandleRequests->handleUpdate()
#12 D:/pwebif/dona-cake-web/vendor/laravel/framework/src/Illuminate/Routing/Route.php(269): Illuminate/Routing/ControllerDispatcher->dispatch(Object(Illuminate/Routing/Route), Object(Livewire/Mechanisms/HandleRequests/HandleRequests), 'handleUpdate')
#13 D:/pwebif/dona-cake-web/vendor/laravel/framework/src/Illuminate/Routing/Route.php(215): Illuminate/Routing/Route->runController()
#14 D:/pwebif/dona-cake-web/vendor/laravel/framework/src/Illuminate/Routing/Router.php(822): Illuminate/Routing/Route->run()
#15 D:/pwebif/dona-cake-web/vendor/laravel/framework/src/Illuminate/Pipeline/Pipeline.php(180): Illuminate/Routing/Router->{closure:Illuminate/Routing/Router::runRouteWithinStack():821}(Object(Illuminate/Http/Request))
#16 D:/pwebif/dona-cake-web/vendor/livewire/livewire/src/Mechanisms/HandleRequests/RequireLivewireHeaders.php(19): Illuminate/Pipeline/Pipeline->{closure:Illuminate/Pipeline/Pipeline::prepareDestination():178}(Object(Illuminate/Http/Request))
#17 D:/pwebif/dona-cake-web/vendor/laravel/framework/src/Illuminate/Pipeline/Pipeline.php(219): Livewire/Mechanisms/HandleRequests/RequireLivewireHeaders->handle(Object(Illuminate/Http/Request), Object(Closure))
#18 D:/pwebif/dona-cake-web/vendor/laravel/framework/src/Illuminate/Routing/Middleware/SubstituteBindings.php(52): Illuminate/Pipeline/Pipeline->{closure:{closure:Illuminate/Pipeline/Pipeline::carry():194}:195}(Object(Illuminate/Http/Request))
#19 D:/pwebif/dona-cake-web/vendor/laravel/framework/src/Illuminate/Pipeline/Pipeline.php(219): Illuminate/Routing/Middleware/SubstituteBindings->handle(Object(Illuminate/Http/Request), Object(Closure))
#20 D:/pwebif/dona-cake-web/vendor/laravel/framework/src/Illuminate/Foundation/Http/Middleware/PreventRequestForgery.php(104): Illuminate/Pipeline/Pipeline->{closure:{closure:Illuminate/Pipeline/Pipeline::carry():194}:195}(Object(Illuminate/Http/Request))
#21 D:/pwebif/dona-cake-web/vendor/laravel/framework/src/Illuminate/Pipeline/Pipeline.php(219): Illuminate/Foundation/Http/Middleware/PreventRequestForgery->handle(Object(Illuminate/Http/Request), Object(Closure))
#22 D:/pwebif/dona-cake-web/vendor/laravel/framework/src/Illuminate/View/Middleware/ShareErrorsFromSession.php(48): Illuminate/Pipeline/Pipeline->{closure:{closure:Illuminate/Pipeline/Pipeline::carry():194}:195}(Object(Illuminate/Http/Request))
#23 D:/pwebif/dona-cake-web/vendor/laravel/framework/src/Illuminate/Pipeline/Pipeline.php(219): Illuminate/View/Middleware/ShareErrorsFromSession->handle(Object(Illuminate/Http/Request), Object(Closure))
#24 D:/pwebif/dona-cake-web/vendor/laravel/framework/src/Illuminate/Session/Middleware/StartSession.php(120): Illuminate/Pipeline/Pipeline->{closure:{closure:Illuminate/Pipeline/Pipeline::carry():194}:195}(Object(Illuminate/Http/Request))
#25 D:/pwebif/dona-cake-web/vendor/laravel/framework/src/Illuminate/Session/Middleware/StartSession.php(63): Illuminate/Session/Middleware/StartSession->handleStatefulRequest(Object(Illuminate/Http/Request), Object(Illuminate/Session/Store), Object(Closure))
#26 D:/pwebif/dona-cake-web/vendor/laravel/framework/src/Illuminate/Pipeline/Pipeline.php(219): Illuminate/Session/Middleware/StartSession->handle(Object(Illuminate/Http/Request), Object(Closure))
#27 D:/pwebif/dona-cake-web/vendor/laravel/framework/src/Illuminate/Cookie/Middleware/AddQueuedCookiesToResponse.php(36): Illuminate/Pipeline/Pipeline->{closure:{closure:Illuminate/Pipeline/Pipeline::carry():194}:195}(Object(Illuminate/Http/Request))
#28 D:/pwebif/dona-cake-web/vendor/laravel/framework/src/Illuminate/Pipeline/Pipeline.php(219): Illuminate/Cookie/Middleware/AddQueuedCookiesToResponse->handle(Object(Illuminate/Http/Request), Object(Closure))
#29 D:/pwebif/dona-cake-web/vendor/laravel/framework/src/Illuminate/Cookie/Middleware/EncryptCookies.php(74): Illuminate/Pipeline/Pipeline->{closure:{closure:Illuminate/Pipeline/Pipeline::carry():194}:195}(Object(Illuminate/Http/Request))
#30 D:/pwebif/dona-cake-web/vendor/laravel/framework/src/Illuminate/Pipeline/Pipeline.php(219): Illuminate/Cookie/Middleware/EncryptCookies->handle(Object(Illuminate/Http/Request), Object(Closure))
#31 D:/pwebif/dona-cake-web/vendor/laravel/framework/src/Illuminate/Pipeline/Pipeline.php(137): Illuminate/Pipeline/Pipeline->{closure:{closure:Illuminate/Pipeline/Pipeline::carry():194}:195}(Object(Illuminate/Http/Request))
#32 D:/pwebif/dona-cake-web/vendor/laravel/framework/src/Illuminate/Routing/Router.php(821): Illuminate/Pipeline/Pipeline->then(Object(Closure))
#33 D:/pwebif/dona-cake-web/vendor/laravel/framework/src/Illuminate/Routing/Router.php(800): Illuminate/Routing/Router->runRouteWithinStack(Object(Illuminate/Routing/Route), Object(Illuminate/Http/Request))
#34 D:/pwebif/dona-cake-web/vendor/laravel/framework/src/Illuminate/Routing/Router.php(764): Illuminate/Routing/Router->runRoute(Object(Illuminate/Http/Request), Object(Illuminate/Routing/Route))
#35 D:/pwebif/dona-cake-web/vendor/laravel/framework/src/Illuminate/Routing/Router.php(753): Illuminate/Routing/Router->dispatchToRoute(Object(Illuminate/Http/Request))
#36 D:/pwebif/dona-cake-web/vendor/laravel/framework/src/Illuminate/Foundation/Http/Kernel.php(200): Illuminate/Routing/Router->dispatch(Object(Illuminate/Http/Request))
#37 D:/pwebif/dona-cake-web/vendor/laravel/framework/src/Illuminate/Pipeline/Pipeline.php(180): Illuminate/Foundation/Http/Kernel->{closure:Illuminate/Foundation/Http/Kernel::dispatchToRouter():197}(Object(Illuminate/Http/Request))
#38 D:/pwebif/dona-cake-web/vendor/livewire/livewire/src/Features/SupportDisablingBackButtonCache/DisableBackButtonCacheMiddleware.php(19): Illuminate/Pipeline/Pipeline->{closure:Illuminate/Pipeline/Pipeline::prepareDestination():178}(Object(Illuminate/Http/Request))
#39 D:/pwebif/dona-cake-web/vendor/laravel/framework/src/Illuminate/Pipeline/Pipeline.php(219): Livewire/Features/SupportDisablingBackButtonCache/DisableBackButtonCacheMiddleware->handle(Object(Illuminate/Http/Request), Object(Closure))
#40 D:/pwebif/dona-cake-web/vendor/laravel/framework/src/Illuminate/Foundation/Http/Middleware/ConvertEmptyStringsToNull.php(27): Illuminate/Pipeline/Pipeline->{closure:{closure:Illuminate/Pipeline/Pipeline::carry():194}:195}(Object(Illuminate/Http/Request))
#41 D:/pwebif/dona-cake-web/vendor/laravel/framework/src/Illuminate/Pipeline/Pipeline.php(219): Illuminate/Foundation/Http/Middleware/ConvertEmptyStringsToNull->handle(Object(Illuminate/Http/Request), Object(Closure))
#42 D:/pwebif/dona-cake-web/vendor/laravel/framework/src/Illuminate/Foundation/Http/Middleware/TrimStrings.php(47): Illuminate/Pipeline/Pipeline->{closure:{closure:Illuminate/Pipeline/Pipeline::carry():194}:195}(Object(Illuminate/Http/Request))
#43 D:/pwebif/dona-cake-web/vendor/laravel/framework/src/Illuminate/Pipeline/Pipeline.php(219): Illuminate/Foundation/Http/Middleware/TrimStrings->handle(Object(Illuminate/Http/Request), Object(Closure))
#44 D:/pwebif/dona-cake-web/vendor/laravel/framework/src/Illuminate/Http/Middleware/ValidatePostSize.php(27): Illuminate/Pipeline/Pipeline->{closure:{closure:Illuminate/Pipeline/Pipeline::carry():194}:195}(Object(Illuminate/Http/Request))
#45 D:/pwebif/dona-cake-web/vendor/laravel/framework/src/Illuminate/Pipeline/Pipeline.php(219): Illuminate/Http/Middleware/ValidatePostSize->handle(Object(Illuminate/Http/Request), Object(Closure))
#46 D:/pwebif/dona-cake-web/vendor/laravel/framework/src/Illuminate/Foundation/Http/Middleware/PreventRequestsDuringMaintenance.php(109): Illuminate/Pipeline/Pipeline->{closure:{closure:Illuminate/Pipeline/Pipeline::carry():194}:195}(Object(Illuminate/Http/Request))
#47 D:/pwebif/dona-cake-web/vendor/laravel/framework/src/Illuminate/Pipeline/Pipeline.php(219): Illuminate/Foundation/Http/Middleware/PreventRequestsDuringMaintenance->handle(Object(Illuminate/Http/Request), Object(Closure))
#48 D:/pwebif/dona-cake-web/vendor/laravel/framework/src/Illuminate/Http/Middleware/HandleCors.php(61): Illuminate/Pipeline/Pipeline->{closure:{closure:Illuminate/Pipeline/Pipeline::carry():194}:195}(Object(Illuminate/Http/Request))
#49 D:/pwebif/dona-cake-web/vendor/laravel/framework/src/Illuminate/Pipeline/Pipeline.php(219): Illuminate/Http/Middleware/HandleCors->handle(Object(Illuminate/Http/Request), Object(Closure))
#50 D:/pwebif/dona-cake-web/vendor/laravel/framework/src/Illuminate/Http/Middleware/TrustProxies.php(58): Illuminate/Pipeline/Pipeline->{closure:{closure:Illuminate/Pipeline/Pipeline::carry():194}:195}(Object(Illuminate/Http/Request))
#51 D:/pwebif/dona-cake-web/vendor/laravel/framework/src/Illuminate/Pipeline/Pipeline.php(219): Illuminate/Http/Middleware/TrustProxies->handle(Object(Illuminate/Http/Request), Object(Closure))
#52 D:/pwebif/dona-cake-web/vendor/laravel/framework/src/Illuminate/Foundation/Http/Middleware/InvokeDeferredCallbacks.php(22): Illuminate/Pipeline/Pipeline->{closure:{closure:Illuminate/Pipeline/Pipeline::carry():194}:195}(Object(Illuminate/Http/Request))
#53 D:/pwebif/dona-cake-web/vendor/laravel/framework/src/Illuminate/Pipeline/Pipeline.php(219): Illuminate/Foundation/Http/Middleware/InvokeDeferredCallbacks->handle(Object(Illuminate/Http/Request), Object(Closure))
#54 D:/pwebif/dona-cake-web/vendor/laravel/framework/src/Illuminate/Http/Middleware/ValidatePathEncoding.php(28): Illuminate/Pipeline/Pipeline->{closure:{closure:Illuminate/Pipeline/Pipeline::carry():194}:195}(Object(Illuminate/Http/Request))
#55 D:/pwebif/dona-cake-web/vendor/laravel/framework/src/Illuminate/Pipeline/Pipeline.php(219): Illuminate/Http/Middleware/ValidatePathEncoding->handle(Object(Illuminate/Http/Request), Object(Closure))
#56 D:/pwebif/dona-cake-web/vendor/laravel/framework/src/Illuminate/Pipeline/Pipeline.php(137): Illuminate/Pipeline/Pipeline->{closure:{closure:Illuminate/Pipeline/Pipeline::carry():194}:195}(Object(Illuminate/Http/Request))
#57 D:/pwebif/dona-cake-web/vendor/laravel/framework/src/Illuminate/Foundation/Http/Kernel.php(175): Illuminate/Pipeline/Pipeline->then(Object(Closure))
#58 D:/pwebif/dona-cake-web/vendor/laravel/framework/src/Illuminate/Foundation/Http/Kernel.php(144): Illuminate/Foundation/Http/Kernel->sendRequestThroughRouter(Object(Illuminate/Http/Request))
#59 D:/pwebif/dona-cake-web/vendor/laravel/framework/src/Illuminate/Foundation/Application.php(1220): Illuminate/Foundation/Http/Kernel->handle(Object(Illuminate/Http/Request))
#60 D:/pwebif/dona-cake-web/public/index.php(20): Illuminate/Foundation/Application->handleRequest(Object(Illuminate/Http/Request))
#61 D:/pwebif/dona-cake-web/vendor/laravel/framework/src/Illuminate/Foundation/resources/server.php(23): require_once('D://pwebif//dona-...')
#62 {main}
"} 
[2026-05-16 05:22:36] local.ERROR: Attempt to read property "id" on null {"userId":26,"exception":"[object] (ErrorException(code: 0): Attempt to read property \"id\" on null at D:/pwebif/dona-cake-web/Modules/Booking/app/Livewire/Pages/BookingForm.php:37)
[stacktrace]
#0 D:/pwebif/dona-cake-web/vendor/laravel/framework/src/Illuminate/Foundation/Bootstrap/HandleExceptions.php(258): Illuminate/Foundation/Bootstrap/HandleExceptions->handleError(2, 'Attempt to read...', 'D://pwebif//dona-...', 37)
#1 D:/pwebif/dona-cake-web/Modules/Booking/app/Livewire/Pages/BookingForm.php(37): Illuminate/Foundation/Bootstrap/HandleExceptions->{closure:Illuminate/Foundation/Bootstrap/HandleExceptions::forwardsTo():257}(2, 'Attempt to read...', 'D://pwebif//dona-...', 37)
#2 D:/pwebif/dona-cake-web/vendor/laravel/framework/src/Illuminate/Container/BoundMethod.php(36): Modules/Booking/Livewire/Pages/BookingForm->submit()
#3 D:/pwebif/dona-cake-web/vendor/laravel/framework/src/Illuminate/Container/Util.php(43): Illuminate/Container/BoundMethod::{closure:Illuminate/Container/BoundMethod::call():35}()
#4 D:/pwebif/dona-cake-web/vendor/laravel/framework/src/Illuminate/Container/BoundMethod.php(96): Illuminate/Container/Util::unwrapIfClosure(Object(Closure))
#5 D:/pwebif/dona-cake-web/vendor/laravel/framework/src/Illuminate/Container/BoundMethod.php(35): Illuminate/Container/BoundMethod::callBoundMethod(Object(Illuminate/Foundation/Application), Array, Object(Closure))
#6 D:/pwebif/dona-cake-web/vendor/livewire/livewire/src/Wrapped.php(23): Illuminate/Container/BoundMethod::call(Object(Illuminate/Foundation/Application), Array, Array)
#7 D:/pwebif/dona-cake-web/vendor/livewire/livewire/src/Mechanisms/HandleComponents/HandleComponents.php(697): Livewire/Wrapped->__call('submit', Array)
#8 D:/pwebif/dona-cake-web/vendor/livewire/livewire/src/Mechanisms/HandleComponents/HandleComponents.php(240): Livewire/Mechanisms/HandleComponents/HandleComponents->callMethods(Object(Modules/Booking/Livewire/Pages/BookingForm), Array, Object(Livewire/Mechanisms/HandleComponents/ComponentContext))
#9 D:/pwebif/dona-cake-web/vendor/livewire/livewire/src/LivewireManager.php(131): Livewire/Mechanisms/HandleComponents/HandleComponents->update(Array, Array, Array)
#10 D:/pwebif/dona-cake-web/vendor/livewire/livewire/src/Mechanisms/HandleRequests/HandleRequests.php(202): Livewire/LivewireManager->update(Array, Array, Array)
#11 D:/pwebif/dona-cake-web/vendor/laravel/framework/src/Illuminate/Routing/ControllerDispatcher.php(46): Livewire/Mechanisms/HandleRequests/HandleRequests->handleUpdate()
#12 D:/pwebif/dona-cake-web/vendor/laravel/framework/src/Illuminate/Routing/Route.php(269): Illuminate/Routing/ControllerDispatcher->dispatch(Object(Illuminate/Routing/Route), Object(Livewire/Mechanisms/HandleRequests/HandleRequests), 'handleUpdate')
#13 D:/pwebif/dona-cake-web/vendor/laravel/framework/src/Illuminate/Routing/Route.php(215): Illuminate/Routing/Route->runController()
#14 D:/pwebif/dona-cake-web/vendor/laravel/framework/src/Illuminate/Routing/Router.php(822): Illuminate/Routing/Route->run()
#15 D:/pwebif/dona-cake-web/vendor/laravel/framework/src/Illuminate/Pipeline/Pipeline.php(180): Illuminate/Routing/Router->{closure:Illuminate/Routing/Router::runRouteWithinStack():821}(Object(Illuminate/Http/Request))
#16 D:/pwebif/dona-cake-web/vendor/livewire/livewire/src/Mechanisms/HandleRequests/RequireLivewireHeaders.php(19): Illuminate/Pipeline/Pipeline->{closure:Illuminate/Pipeline/Pipeline::prepareDestination():178}(Object(Illuminate/Http/Request))
#17 D:/pwebif/dona-cake-web/vendor/laravel/framework/src/Illuminate/Pipeline/Pipeline.php(219): Livewire/Mechanisms/HandleRequests/RequireLivewireHeaders->handle(Object(Illuminate/Http/Request), Object(Closure))
#18 D:/pwebif/dona-cake-web/vendor/laravel/framework/src/Illuminate/Routing/Middleware/SubstituteBindings.php(52): Illuminate/Pipeline/Pipeline->{closure:{closure:Illuminate/Pipeline/Pipeline::carry():194}:195}(Object(Illuminate/Http/Request))
#19 D:/pwebif/dona-cake-web/vendor/laravel/framework/src/Illuminate/Pipeline/Pipeline.php(219): Illuminate/Routing/Middleware/SubstituteBindings->handle(Object(Illuminate/Http/Request), Object(Closure))
#20 D:/pwebif/dona-cake-web/vendor/laravel/framework/src/Illuminate/Foundation/Http/Middleware/PreventRequestForgery.php(104): Illuminate/Pipeline/Pipeline->{closure:{closure:Illuminate/Pipeline/Pipeline::carry():194}:195}(Object(Illuminate/Http/Request))
#21 D:/pwebif/dona-cake-web/vendor/laravel/framework/src/Illuminate/Pipeline/Pipeline.php(219): Illuminate/Foundation/Http/Middleware/PreventRequestForgery->handle(Object(Illuminate/Http/Request), Object(Closure))
#22 D:/pwebif/dona-cake-web/vendor/laravel/framework/src/Illuminate/View/Middleware/ShareErrorsFromSession.php(48): Illuminate/Pipeline/Pipeline->{closure:{closure:Illuminate/Pipeline/Pipeline::carry():194}:195}(Object(Illuminate/Http/Request))
#23 D:/pwebif/dona-cake-web/vendor/laravel/framework/src/Illuminate/Pipeline/Pipeline.php(219): Illuminate/View/Middleware/ShareErrorsFromSession->handle(Object(Illuminate/Http/Request), Object(Closure))
#24 D:/pwebif/dona-cake-web/vendor/laravel/framework/src/Illuminate/Session/Middleware/StartSession.php(120): Illuminate/Pipeline/Pipeline->{closure:{closure:Illuminate/Pipeline/Pipeline::carry():194}:195}(Object(Illuminate/Http/Request))
#25 D:/pwebif/dona-cake-web/vendor/laravel/framework/src/Illuminate/Session/Middleware/StartSession.php(63): Illuminate/Session/Middleware/StartSession->handleStatefulRequest(Object(Illuminate/Http/Request), Object(Illuminate/Session/Store), Object(Closure))
#26 D:/pwebif/dona-cake-web/vendor/laravel/framework/src/Illuminate/Pipeline/Pipeline.php(219): Illuminate/Session/Middleware/StartSession->handle(Object(Illuminate/Http/Request), Object(Closure))
#27 D:/pwebif/dona-cake-web/vendor/laravel/framework/src/Illuminate/Cookie/Middleware/AddQueuedCookiesToResponse.php(36): Illuminate/Pipeline/Pipeline->{closure:{closure:Illuminate/Pipeline/Pipeline::carry():194}:195}(Object(Illuminate/Http/Request))
#28 D:/pwebif/dona-cake-web/vendor/laravel/framework/src/Illuminate/Pipeline/Pipeline.php(219): Illuminate/Cookie/Middleware/AddQueuedCookiesToResponse->handle(Object(Illuminate/Http/Request), Object(Closure))
#29 D:/pwebif/dona-cake-web/vendor/laravel/framework/src/Illuminate/Cookie/Middleware/EncryptCookies.php(74): Illuminate/Pipeline/Pipeline->{closure:{closure:Illuminate/Pipeline/Pipeline::carry():194}:195}(Object(Illuminate/Http/Request))
#30 D:/pwebif/dona-cake-web/vendor/laravel/framework/src/Illuminate/Pipeline/Pipeline.php(219): Illuminate/Cookie/Middleware/EncryptCookies->handle(Object(Illuminate/Http/Request), Object(Closure))
#31 D:/pwebif/dona-cake-web/vendor/laravel/framework/src/Illuminate/Pipeline/Pipeline.php(137): Illuminate/Pipeline/Pipeline->{closure:{closure:Illuminate/Pipeline/Pipeline::carry():194}:195}(Object(Illuminate/Http/Request))
#32 D:/pwebif/dona-cake-web/vendor/laravel/framework/src/Illuminate/Routing/Router.php(821): Illuminate/Pipeline/Pipeline->then(Object(Closure))
#33 D:/pwebif/dona-cake-web/vendor/laravel/framework/src/Illuminate/Routing/Router.php(800): Illuminate/Routing/Router->runRouteWithinStack(Object(Illuminate/Routing/Route), Object(Illuminate/Http/Request))
#34 D:/pwebif/dona-cake-web/vendor/laravel/framework/src/Illuminate/Routing/Router.php(764): Illuminate/Routing/Router->runRoute(Object(Illuminate/Http/Request), Object(Illuminate/Routing/Route))
#35 D:/pwebif/dona-cake-web/vendor/laravel/framework/src/Illuminate/Routing/Router.php(753): Illuminate/Routing/Router->dispatchToRoute(Object(Illuminate/Http/Request))
#36 D:/pwebif/dona-cake-web/vendor/laravel/framework/src/Illuminate/Foundation/Http/Kernel.php(200): Illuminate/Routing/Router->dispatch(Object(Illuminate/Http/Request))
#37 D:/pwebif/dona-cake-web/vendor/laravel/framework/src/Illuminate/Pipeline/Pipeline.php(180): Illuminate/Foundation/Http/Kernel->{closure:Illuminate/Foundation/Http/Kernel::dispatchToRouter():197}(Object(Illuminate/Http/Request))
#38 D:/pwebif/dona-cake-web/vendor/livewire/livewire/src/Features/SupportDisablingBackButtonCache/DisableBackButtonCacheMiddleware.php(19): Illuminate/Pipeline/Pipeline->{closure:Illuminate/Pipeline/Pipeline::prepareDestination():178}(Object(Illuminate/Http/Request))
#39 D:/pwebif/dona-cake-web/vendor/laravel/framework/src/Illuminate/Pipeline/Pipeline.php(219): Livewire/Features/SupportDisablingBackButtonCache/DisableBackButtonCacheMiddleware->handle(Object(Illuminate/Http/Request), Object(Closure))
#40 D:/pwebif/dona-cake-web/vendor/laravel/framework/src/Illuminate/Foundation/Http/Middleware/ConvertEmptyStringsToNull.php(27): Illuminate/Pipeline/Pipeline->{closure:{closure:Illuminate/Pipeline/Pipeline::carry():194}:195}(Object(Illuminate/Http/Request))
#41 D:/pwebif/dona-cake-web/vendor/laravel/framework/src/Illuminate/Pipeline/Pipeline.php(219): Illuminate/Foundation/Http/Middleware/ConvertEmptyStringsToNull->handle(Object(Illuminate/Http/Request), Object(Closure))
#42 D:/pwebif/dona-cake-web/vendor/laravel/framework/src/Illuminate/Foundation/Http/Middleware/TrimStrings.php(47): Illuminate/Pipeline/Pipeline->{closure:{closure:Illuminate/Pipeline/Pipeline::carry():194}:195}(Object(Illuminate/Http/Request))
#43 D:/pwebif/dona-cake-web/vendor/laravel/framework/src/Illuminate/Pipeline/Pipeline.php(219): Illuminate/Foundation/Http/Middleware/TrimStrings->handle(Object(Illuminate/Http/Request), Object(Closure))
#44 D:/pwebif/dona-cake-web/vendor/laravel/framework/src/Illuminate/Http/Middleware/ValidatePostSize.php(27): Illuminate/Pipeline/Pipeline->{closure:{closure:Illuminate/Pipeline/Pipeline::carry():194}:195}(Object(Illuminate/Http/Request))
#45 D:/pwebif/dona-cake-web/vendor/laravel/framework/src/Illuminate/Pipeline/Pipeline.php(219): Illuminate/Http/Middleware/ValidatePostSize->handle(Object(Illuminate/Http/Request), Object(Closure))
#46 D:/pwebif/dona-cake-web/vendor/laravel/framework/src/Illuminate/Foundation/Http/Middleware/PreventRequestsDuringMaintenance.php(109): Illuminate/Pipeline/Pipeline->{closure:{closure:Illuminate/Pipeline/Pipeline::carry():194}:195}(Object(Illuminate/Http/Request))
#47 D:/pwebif/dona-cake-web/vendor/laravel/framework/src/Illuminate/Pipeline/Pipeline.php(219): Illuminate/Foundation/Http/Middleware/PreventRequestsDuringMaintenance->handle(Object(Illuminate/Http/Request), Object(Closure))
#48 D:/pwebif/dona-cake-web/vendor/laravel/framework/src/Illuminate/Http/Middleware/HandleCors.php(61): Illuminate/Pipeline/Pipeline->{closure:{closure:Illuminate/Pipeline/Pipeline::carry():194}:195}(Object(Illuminate/Http/Request))
#49 D:/pwebif/dona-cake-web/vendor/laravel/framework/src/Illuminate/Pipeline/Pipeline.php(219): Illuminate/Http/Middleware/HandleCors->handle(Object(Illuminate/Http/Request), Object(Closure))
#50 D:/pwebif/dona-cake-web/vendor/laravel/framework/src/Illuminate/Http/Middleware/TrustProxies.php(58): Illuminate/Pipeline/Pipeline->{closure:{closure:Illuminate/Pipeline/Pipeline::carry():194}:195}(Object(Illuminate/Http/Request))
#51 D:/pwebif/dona-cake-web/vendor/laravel/framework/src/Illuminate/Pipeline/Pipeline.php(219): Illuminate/Http/Middleware/TrustProxies->handle(Object(Illuminate/Http/Request), Object(Closure))
#52 D:/pwebif/dona-cake-web/vendor/laravel/framework/src/Illuminate/Foundation/Http/Middleware/InvokeDeferredCallbacks.php(22): Illuminate/Pipeline/Pipeline->{closure:{closure:Illuminate/Pipeline/Pipeline::carry():194}:195}(Object(Illuminate/Http/Request))
#53 D:/pwebif/dona-cake-web/vendor/laravel/framework/src/Illuminate/Pipeline/Pipeline.php(219): Illuminate/Foundation/Http/Middleware/InvokeDeferredCallbacks->handle(Object(Illuminate/Http/Request), Object(Closure))
#54 D:/pwebif/dona-cake-web/vendor/laravel/framework/src/Illuminate/Http/Middleware/ValidatePathEncoding.php(28): Illuminate/Pipeline/Pipeline->{closure:{closure:Illuminate/Pipeline/Pipeline::carry():194}:195}(Object(Illuminate/Http/Request))
#55 D:/pwebif/dona-cake-web/vendor/laravel/framework/src/Illuminate/Pipeline/Pipeline.php(219): Illuminate/Http/Middleware/ValidatePathEncoding->handle(Object(Illuminate/Http/Request), Object(Closure))
#56 D:/pwebif/dona-cake-web/vendor/laravel/framework/src/Illuminate/Pipeline/Pipeline.php(137): Illuminate/Pipeline/Pipeline->{closure:{closure:Illuminate/Pipeline/Pipeline::carry():194}:195}(Object(Illuminate/Http/Request))
#57 D:/pwebif/dona-cake-web/vendor/laravel/framework/src/Illuminate/Foundation/Http/Kernel.php(175): Illuminate/Pipeline/Pipeline->then(Object(Closure))
#58 D:/pwebif/dona-cake-web/vendor/laravel/framework/src/Illuminate/Foundation/Http/Kernel.php(144): Illuminate/Foundation/Http/Kernel->sendRequestThroughRouter(Object(Illuminate/Http/Request))
#59 D:/pwebif/dona-cake-web/vendor/laravel/framework/src/Illuminate/Foundation/Application.php(1220): Illuminate/Foundation/Http/Kernel->handle(Object(Illuminate/Http/Request))
#60 D:/pwebif/dona-cake-web/public/index.php(20): Illuminate/Foundation/Application->handleRequest(Object(Illuminate/Http/Request))
#61 D:/pwebif/dona-cake-web/vendor/laravel/framework/src/Illuminate/Foundation/resources/server.php(23): require_once('D://pwebif//dona-...')
#62 {main}
"} 
